[2025-10-16T05:28:03.101Z] [LOG] 脚本开始执行...
[2025-10-16T05:28:03.102Z] [LOG] 开始处理视频下载任务...
[2025-10-16T05:28:03.103Z] [LOG] 找到 87 个视频需要处理
[2025-10-16T05:28:03.103Z] [LOG] 
处理第 1/87 个视频:
[2025-10-16T05:28:03.103Z] [LOG] 标题: 第89集  | 4.10号直播(1)<<胄空形仙传>>第四十二集 刻之战终章(12)#西游记 #风君子清风
[2025-10-16T05:28:03.103Z] [LOG] 链接: www.douyin.com/video/7491904035654470924
[2025-10-16T05:28:04.250Z] [LOG] 使用设备: iPhone SE
[2025-10-16T05:28:04.251Z] [LOG] 正在访问页面: https://www.douyin.com/video/7491904035654470924
[2025-10-16T05:28:09.128Z] [LOG] 随机等待 3752ms...
[2025-10-16T05:28:12.896Z] [LOG] 找到视频链接: https://m.douyin.com/aweme/v1/playwm/?line=0&logo_name=aweme_diversion_search&ratio=720p&video_id=v0200fg10000cvs96q7og65v3k0dckp0
[2025-10-16T05:28:13.021Z] [LOG] 开始下载视频: 第89集  | 4.10号直播(1)<<胄空形仙传>>第四十二集 刻之战终章(12)#西游记 #风君子清风
[2025-10-16T05:28:25.866Z] [LOG] 脚本开始执行...
[2025-10-16T05:28:25.867Z] [LOG] 开始处理视频下载任务...
[2025-10-16T05:28:25.867Z] [LOG] 找到 87 个视频需要处理
[2025-10-16T05:28:25.867Z] [LOG] 
处理第 1/87 个视频:
[2025-10-16T05:28:25.867Z] [LOG] 标题: 第89集  | 4.10号直播(1)<<胄空形仙传>>第四十二集 刻之战终章(12)#西游记 #风君子清风
[2025-10-16T05:28:25.867Z] [LOG] 链接: www.douyin.com/video/7491904035654470924
[2025-10-16T05:28:26.685Z] [LOG] 使用设备: Galaxy S5
[2025-10-16T05:28:26.687Z] [LOG] 正在访问页面: https://www.douyin.com/video/7491904035654470924
[2025-10-16T05:28:29.571Z] [LOG] 随机等待 3064ms...
[2025-10-16T05:28:32.644Z] [LOG] 找到视频链接: https://m.douyin.com/aweme/v1/playwm/?line=0&logo_name=aweme_diversion_search&ratio=720p&video_id=v0200fg10000cvs96q7og65v3k0dckp0
[2025-10-16T05:28:32.740Z] [LOG] 开始下载视频: 第89集  | 4.10号直播(1)<<胄空形仙传>>第四十二集 刻之战终章(12)#西游记 #风君子清风
[2025-10-16T05:28:32.740Z] [LOG] 已存在，跳过下载: 第89集  _ 4.10号直播(1)__胄空形仙传__第四十二集 刻之战终章(12)#西游记 #风君子清风.mp4
[2025-10-16T05:28:32.740Z] [LOG] ✅ 成功下载: 第89集  _ 4.10号直播(1)__胄空形仙传__第四十二集 刻之战终章(12)#西游记 #风君子清风.mp4
[2025-10-16T05:28:32.741Z] [LOG] 随机等待 4661ms 后处理下一个视频...
[2025-10-16T05:28:37.404Z] [LOG] 
处理第 2/87 个视频:
[2025-10-16T05:28:37.404Z] [LOG] 标题: 第90集  | 4.10号直播(2)<<胄空形仙传>>第四十二集 刻之战终章(12)#西游记 #风君子清风
[2025-10-16T05:28:37.404Z] [LOG] 链接: www.douyin.com/video/7491912223003118867
[2025-10-16T05:28:37.903Z] [LOG] 使用设备: Pixel 4
[2025-10-16T05:28:37.903Z] [LOG] 正在访问页面: https://www.douyin.com/video/7491912223003118867
[2025-10-16T05:28:40.458Z] [LOG] 随机等待 2406ms...
[2025-10-16T05:28:42.880Z] [LOG] 找到视频链接: https://m.douyin.com/aweme/v1/playwm/?video_id=v0300fg10000cvs9m57og65kmqgeltng&ratio=720p&line=0
[2025-10-16T05:28:43.001Z] [LOG] 开始下载视频: 第90集  | 4.10号直播(2)<<胄空形仙传>>第四十二集 刻之战终章(12)#西游记 #风君子清风
[2025-10-16T05:28:59.376Z] [LOG] 脚本开始执行...
[2025-10-16T05:28:59.376Z] [LOG] 开始处理视频下载任务...
[2025-10-16T05:28:59.377Z] [LOG] 找到 87 个视频需要处理
[2025-10-16T05:28:59.377Z] [LOG] 
处理第 1/87 个视频:
[2025-10-16T05:28:59.377Z] [LOG] 标题: 第89集  | 4.10号直播(1)<<胄空形仙传>>第四十二集 刻之战终章(12)#西游记 #风君子清风
[2025-10-16T05:28:59.377Z] [LOG] 链接: www.douyin.com/video/7491904035654470924
[2025-10-16T05:29:00.328Z] [LOG] 使用设备: iPhone 14 Pro
[2025-10-16T05:29:00.330Z] [LOG] 正在访问页面: https://www.douyin.com/video/7491904035654470924
[2025-10-16T05:29:04.722Z] [LOG] 随机等待 2019ms...
[2025-10-16T05:29:06.753Z] [LOG] 找到视频链接: https://m.douyin.com/aweme/v1/playwm/?line=0&logo_name=aweme_diversion_search&ratio=720p&video_id=v0200fg10000cvs96q7og65v3k0dckp0
[2025-10-16T05:29:06.867Z] [LOG] [downloadVideo] 开始下载视频: 第89集  | 4.10号直播(1)<<胄空形仙传>>第四十二集 刻之战终章(12)#西游记 #风君子清风
[2025-10-16T05:29:06.867Z] [LOG] 已存在，跳过下载: 第89集  _ 4.10号直播(1)__胄空形仙传__第四十二集 刻之战终章(12)#西游记 #风君子清风.mp4
[2025-10-16T05:29:06.867Z] [LOG] ✅ 成功下载: 第89集  _ 4.10号直播(1)__胄空形仙传__第四十二集 刻之战终章(12)#西游记 #风君子清风.mp4
[2025-10-16T05:29:06.867Z] [LOG] 随机等待 6218ms 后处理下一个视频...
[2025-10-16T05:29:13.086Z] [LOG] 
处理第 2/87 个视频:
[2025-10-16T05:29:13.086Z] [LOG] 标题: 第90集  | 4.10号直播(2)<<胄空形仙传>>第四十二集 刻之战终章(12)#西游记 #风君子清风
[2025-10-16T05:29:13.086Z] [LOG] 链接: www.douyin.com/video/7491912223003118867
[2025-10-16T05:29:13.750Z] [LOG] 使用设备: Pixel 4
[2025-10-16T05:29:13.750Z] [LOG] 正在访问页面: https://www.douyin.com/video/7491912223003118867
[2025-10-16T05:29:18.355Z] [LOG] 随机等待 2632ms...
[2025-10-16T05:29:21.004Z] [LOG] 找到视频链接: https://m.douyin.com/aweme/v1/playwm/?video_id=v0300fg10000cvs9m57og65kmqgeltng&ratio=720p&line=0
[2025-10-16T05:29:21.110Z] [LOG] [downloadVideo] 开始下载视频: 第90集  | 4.10号直播(2)<<胄空形仙传>>第四十二集 刻之战终章(12)#西游记 #风君子清风
[2025-10-16T05:29:21.110Z] [LOG] 已存在，跳过下载: 第90集  _ 4.10号直播(2)__胄空形仙传__第四十二集 刻之战终章(12)#西游记 #风君子清风.mp4
[2025-10-16T05:29:21.110Z] [LOG] ✅ 成功下载: 第90集  _ 4.10号直播(2)__胄空形仙传__第四十二集 刻之战终章(12)#西游记 #风君子清风.mp4
[2025-10-16T05:29:21.110Z] [LOG] 随机等待 6240ms 后处理下一个视频...
[2025-10-16T05:29:27.352Z] [LOG] 
处理第 3/87 个视频:
[2025-10-16T05:29:27.352Z] [LOG] 标题: 第91集  | 4.11号直播(1)<<胄空形仙传>>(91)第四十三集 刻之战解读#西游记 #风君子清风
[2025-10-16T05:29:27.352Z] [LOG] 链接: www.douyin.com/video/7492277255419219239
[2025-10-16T05:29:27.913Z] [LOG] 使用设备: iPhone 12 Pro
[2025-10-16T05:29:27.914Z] [LOG] 正在访问页面: https://www.douyin.com/video/7492277255419219239
[2025-10-16T05:29:31.090Z] [LOG] 随机等待 4253ms...
[2025-10-16T05:29:35.349Z] [LOG] 找到视频链接: https://m.douyin.com/aweme/v1/playwm/?video_id=v0d00fg10000cvsubcvog65l7rm9uv7g&ratio=720p&line=0
[2025-10-16T05:29:35.462Z] [LOG] [downloadVideo] 开始下载视频: 第91集  | 4.11号直播(1)<<胄空形仙传>>(91)第四十三集 刻之战解读#西游记 #风君子清风
[2025-10-16T05:29:35.462Z] [LOG] [downloadVideo] 发送 axios 请求下载: https://m.douyin.com/aweme/v1/playwm/?video_id=v0d00fg10000cvsubcvog65l7rm9uv7g&ratio=720p&line=0
[2025-10-16T05:29:52.063Z] [LOG] 脚本开始执行...
[2025-10-16T05:29:52.064Z] [LOG] 开始处理视频下载任务...
[2025-10-16T05:29:52.064Z] [LOG] 找到 87 个视频需要处理
[2025-10-16T05:29:52.064Z] [LOG] 
处理第 1/87 个视频:
[2025-10-16T05:29:52.064Z] [LOG] 标题: 第89集  | 4.10号直播(1)<<胄空形仙传>>第四十二集 刻之战终章(12)#西游记 #风君子清风
[2025-10-16T05:29:52.064Z] [LOG] 链接: www.douyin.com/video/7491904035654470924
[2025-10-16T05:29:53.230Z] [LOG] 使用设备: Galaxy Note II
[2025-10-16T05:29:53.231Z] [LOG] 正在访问页面: https://www.douyin.com/video/7491904035654470924
[2025-10-16T05:29:57.466Z] [LOG] 随机等待 2609ms...
[2025-10-16T05:30:00.088Z] [LOG] 找到视频链接: https://m.douyin.com/aweme/v1/playwm/?line=0&logo_name=aweme_diversion_search&ratio=720p&video_id=v0200fg10000cvs96q7og65v3k0dckp0
[2025-10-16T05:30:00.209Z] [LOG] [downloadVideo] 开始下载视频: 第89集  | 4.10号直播(1)<<胄空形仙传>>第四十二集 刻之战终章(12)#西游记 #风君子清风
[2025-10-16T05:30:00.209Z] [LOG] 已存在，跳过下载: 第89集  _ 4.10号直播(1)__胄空形仙传__第四十二集 刻之战终章(12)#西游记 #风君子清风.mp4
[2025-10-16T05:30:00.209Z] [LOG] ✅ 成功下载: 第89集  _ 4.10号直播(1)__胄空形仙传__第四十二集 刻之战终章(12)#西游记 #风君子清风.mp4
[2025-10-16T05:30:00.209Z] [LOG] 随机等待 6931ms 后处理下一个视频...
[2025-10-16T05:30:07.143Z] [LOG] 
处理第 2/87 个视频:
[2025-10-16T05:30:07.143Z] [LOG] 标题: 第90集  | 4.10号直播(2)<<胄空形仙传>>第四十二集 刻之战终章(12)#西游记 #风君子清风
[2025-10-16T05:30:07.143Z] [LOG] 链接: www.douyin.com/video/7491912223003118867
[2025-10-16T05:30:07.645Z] [LOG] 使用设备: iPhone 13 Pro
[2025-10-16T05:30:07.646Z] [LOG] 正在访问页面: https://www.douyin.com/video/7491912223003118867
[2025-10-16T05:30:10.927Z] [LOG] 随机等待 4299ms...
[2025-10-16T05:30:15.230Z] [LOG] {}
[2025-10-16T05:30:15.230Z] [ERROR] 获取视频链接失败 (www.douyin.com/video/7491912223003118867): Attempted to use detached Frame '0AFBA7922355464F2E2190EA805EC748'.
[2025-10-16T05:30:15.230Z] [LOG] ❌ 获取视频链接失败: 第90集  | 4.10号直播(2)<<胄空形仙传>>第四十二集 刻之战终章(12)#西游记 #风君子清风
[2025-10-16T05:30:15.230Z] [LOG] 随机等待 6270ms 后处理下一个视频...
[2025-10-16T05:30:21.501Z] [LOG] 
处理第 3/87 个视频:
[2025-10-16T05:31:14.858Z] [LOG] 脚本开始执行...
[2025-10-16T05:31:14.859Z] [LOG] 开始处理视频下载任务...
[2025-10-16T05:31:14.860Z] [LOG] 找到 87 个视频需要处理
[2025-10-16T05:31:14.860Z] [LOG] 
处理第 1/87 个视频:
[2025-10-16T05:31:14.860Z] [LOG] 标题: 第89集  | 4.10号直播(1)<<胄空形仙传>>第四十二集 刻之战终章(12)#西游记 #风君子清风
[2025-10-16T05:31:14.860Z] [LOG] 链接: www.douyin.com/video/7491904035654470924
[2025-10-16T05:31:15.850Z] [LOG] 使用设备: iPhone SE
[2025-10-16T05:31:15.851Z] [LOG] 正在访问页面: https://www.douyin.com/video/7491904035654470924
[2025-10-16T05:31:21.318Z] [LOG] 随机等待 2230ms...
[2025-10-16T05:31:23.572Z] [LOG] 找到视频链接: https://m.douyin.com/aweme/v1/playwm/?line=0&logo_name=aweme_diversion_search&ratio=720p&video_id=v0200fg10000cvs96q7og65v3k0dckp0
[2025-10-16T05:31:23.687Z] [LOG] [downloadVideo] 开始下载视频: 第89集  | 4.10号直播(1)<<胄空形仙传>>第四十二集 刻之战终章(12)#西游记 #风君子清风
[2025-10-16T05:31:23.688Z] [LOG] 已存在，跳过下载: 第89集  _ 4.10号直播(1)__胄空形仙传__第四十二集 刻之战终章(12)#西游记 #风君子清风.mp4
[2025-10-16T05:31:23.688Z] [LOG] ✅ 成功下载: 第89集  _ 4.10号直播(1)__胄空形仙传__第四十二集 刻之战终章(12)#西游记 #风君子清风.mp4
[2025-10-16T05:31:23.688Z] [LOG] 随机等待 6397ms 后处理下一个视频...
[2025-10-16T05:31:30.087Z] [LOG] 
处理第 2/87 个视频:
[2025-10-16T05:31:30.087Z] [LOG] 标题: 第90集  | 4.10号直播(2)<<胄空形仙传>>第四十二集 刻之战终章(12)#西游记 #风君子清风
[2025-10-16T05:31:30.087Z] [LOG] 链接: www.douyin.com/video/7491912223003118867
[2025-10-16T05:31:30.631Z] [LOG] 使用设备: iPhone 13 Pro
[2025-10-16T05:31:30.633Z] [LOG] 正在访问页面: https://www.douyin.com/video/7491912223003118867
[2025-10-16T05:31:40.529Z] [LOG] 随机等待 4430ms...
[2025-10-16T05:31:44.969Z] [LOG] 找到视频链接: https://m.douyin.com/aweme/v1/playwm/?video_id=v0300fg10000cvs9m57og65kmqgeltng&ratio=720p&line=0
[2025-10-16T05:31:45.074Z] [LOG] [downloadVideo] 开始下载视频: 第90集  | 4.10号直播(2)<<胄空形仙传>>第四十二集 刻之战终章(12)#西游记 #风君子清风
[2025-10-16T05:31:45.074Z] [LOG] 已存在，跳过下载: 第90集  _ 4.10号直播(2)__胄空形仙传__第四十二集 刻之战终章(12)#西游记 #风君子清风.mp4
[2025-10-16T05:31:45.074Z] [LOG] ✅ 成功下载: 第90集  _ 4.10号直播(2)__胄空形仙传__第四十二集 刻之战终章(12)#西游记 #风君子清风.mp4
[2025-10-16T05:31:45.074Z] [LOG] 随机等待 6842ms 后处理下一个视频...
[2025-10-16T05:31:52.995Z] [LOG] 脚本开始执行...
[2025-10-16T05:31:52.996Z] [LOG] 开始处理视频下载任务...
[2025-10-16T05:31:52.997Z] [LOG] 找到 87 个视频需要处理
[2025-10-16T05:31:52.997Z] [LOG] 
处理第 1/87 个视频:
[2025-10-16T05:31:52.997Z] [LOG] 标题: 第89集  | 4.10号直播(1)<<胄空形仙传>>第四十二集 刻之战终章(12)#西游记 #风君子清风
[2025-10-16T05:31:52.997Z] [LOG] 链接: www.douyin.com/video/7491904035654470924
[2025-10-16T05:31:53.551Z] [LOG] 使用设备: JioPhone 2
[2025-10-16T05:31:53.553Z] [LOG] 正在访问页面: https://www.douyin.com/video/7491904035654470924
[2025-10-16T05:31:56.048Z] [LOG] 随机等待 2122ms...
[2025-10-16T05:31:58.185Z] [LOG] 找到视频链接: https://m.douyin.com/aweme/v1/playwm/?line=0&logo_name=aweme_diversion_search&ratio=720p&video_id=v0200fg10000cvs96q7og65v3k0dckp0
[2025-10-16T05:31:58.291Z] [LOG] [downloadVideo] 开始下载视频: 第89集  | 4.10号直播(1)<<胄空形仙传>>第四十二集 刻之战终章(12)#西游记 #风君子清风
[2025-10-16T05:31:58.291Z] [LOG] 已存在，跳过下载: 第89集  _ 4.10号直播(1)__胄空形仙传__第四十二集 刻之战终章(12)#西游记 #风君子清风.mp4
[2025-10-16T05:31:58.291Z] [LOG] ✅ 成功下载: 第89集  _ 4.10号直播(1)__胄空形仙传__第四十二集 刻之战终章(12)#西游记 #风君子清风.mp4
[2025-10-16T05:31:58.291Z] [LOG] 随机等待 3497ms 后处理下一个视频...
[2025-10-16T05:32:01.789Z] [LOG] 
处理第 2/87 个视频:
[2025-10-16T05:32:01.789Z] [LOG] 标题: 第90集  | 4.10号直播(2)<<胄空形仙传>>第四十二集 刻之战终章(12)#西游记 #风君子清风
[2025-10-16T05:32:01.789Z] [LOG] 链接: www.douyin.com/video/7491912223003118867
[2025-10-16T05:32:02.054Z] [ERROR] 启动浏览器失败: socket hang up
[2025-10-16T05:32:02.054Z] [LOG] ❌ 获取视频链接失败: 第90集  | 4.10号直播(2)<<胄空形仙传>>第四十二集 刻之战终章(12)#西游记 #风君子清风
[2025-10-16T05:32:02.054Z] [LOG] 随机等待 7330ms 后处理下一个视频...
[2025-10-16T05:32:09.385Z] [LOG] 
处理第 3/87 个视频:
[2025-10-16T05:32:53.348Z] [LOG] 脚本开始执行...
[2025-10-16T05:32:53.349Z] [LOG] 开始处理视频下载任务...
[2025-10-16T05:32:53.350Z] [LOG] 找到 87 个视频需要处理
[2025-10-16T05:32:53.350Z] [LOG] 
处理第 1/87 个视频:
[2025-10-16T05:32:53.350Z] [LOG] 标题: 第89集  | 4.10号直播(1)<<胄空形仙传>>第四十二集 刻之战终章(12)#西游记 #风君子清风
[2025-10-16T05:32:53.350Z] [LOG] 链接: www.douyin.com/video/7491904035654470924
[2025-10-16T05:32:54.363Z] [LOG] 使用设备: iPhone 14
[2025-10-16T05:32:54.364Z] [LOG] 正在访问页面: https://www.douyin.com/video/7491904035654470924
[2025-10-16T05:32:57.390Z] [LOG] 随机等待 4387ms...
[2025-10-16T05:33:01.803Z] [LOG] 找到视频链接: https://m.douyin.com/aweme/v1/playwm/?line=0&logo_name=aweme_diversion_search&ratio=720p&video_id=v0200fg10000cvs96q7og65v3k0dckp0
[2025-10-16T05:33:01.917Z] [LOG] [downloadVideo] 开始下载视频: 第89集  | 4.10号直播(1)<<胄空形仙传>>第四十二集 刻之战终章(12)#西游记 #风君子清风
[2025-10-16T05:33:01.918Z] [LOG] 已存在，跳过下载: 第89集  _ 4.10号直播(1)__胄空形仙传__第四十二集 刻之战终章(12)#西游记 #风君子清风.mp4
[2025-10-16T05:33:01.918Z] [LOG] ✅ 成功下载: 第89集  _ 4.10号直播(1)__胄空形仙传__第四十二集 刻之战终章(12)#西游记 #风君子清风.mp4
[2025-10-16T05:33:01.918Z] [LOG] 随机等待 6771ms 后处理下一个视频...
[2025-10-16T05:33:17.324Z] [LOG] 脚本开始执行...
[2025-10-16T05:33:17.324Z] [LOG] 开始处理视频下载任务...
[2025-10-16T05:33:17.325Z] [LOG] 找到 87 个视频需要处理
[2025-10-16T05:33:17.325Z] [LOG] 
处理第 1/87 个视频:
[2025-10-16T05:33:17.325Z] [LOG] 标题: 第89集  | 4.10号直播(1)<<胄空形仙传>>第四十二集 刻之战终章(12)#西游记 #风君子清风
[2025-10-16T05:33:17.325Z] [LOG] 链接: www.douyin.com/video/7491904035654470924
[2025-10-16T05:33:18.262Z] [LOG] 使用设备: iPhone 14 Pro
[2025-10-16T05:33:18.264Z] [LOG] 正在访问页面: https://www.douyin.com/video/7491904035654470924
[2025-10-16T05:33:20.942Z] [LOG] 随机等待 2426ms...
[2025-10-16T05:33:23.389Z] [LOG] 找到视频链接: https://m.douyin.com/aweme/v1/playwm/?line=0&logo_name=aweme_diversion_search&ratio=720p&video_id=v0200fg10000cvs96q7og65v3k0dckp0
[2025-10-16T05:33:23.518Z] [LOG] [downloadVideo] 开始下载视频: 第89集  | 4.10号直播(1)<<胄空形仙传>>第四十二集 刻之战终章(12)#西游记 #风君子清风
[2025-10-16T05:33:23.518Z] [LOG] 已存在，跳过下载: 第89集  _ 4.10号直播(1)__胄空形仙传__第四十二集 刻之战终章(12)#西游记 #风君子清风.mp4
[2025-10-16T05:33:23.518Z] [LOG] ✅ 成功下载: 第89集  _ 4.10号直播(1)__胄空形仙传__第四十二集 刻之战终章(12)#西游记 #风君子清风.mp4
[2025-10-16T05:33:23.518Z] [LOG] 随机等待 6886ms 后处理下一个视频...
[2025-10-16T05:33:30.406Z] [LOG] 
处理第 2/87 个视频:
[2025-10-16T05:33:30.406Z] [LOG] 标题: 第90集  | 4.10号直播(2)<<胄空形仙传>>第四十二集 刻之战终章(12)#西游记 #风君子清风
[2025-10-16T05:33:30.406Z] [LOG] 链接: www.douyin.com/video/7491912223003118867
[2025-10-16T05:33:30.889Z] [LOG] 使用设备: iPhone 13 Pro
[2025-10-16T05:33:30.890Z] [LOG] 正在访问页面: https://www.douyin.com/video/7491912223003118867
[2025-10-16T05:33:33.681Z] [LOG] 随机等待 2238ms...
[2025-10-16T05:33:35.927Z] [LOG] 找到视频链接: https://m.douyin.com/aweme/v1/playwm/?video_id=v0300fg10000cvs9m57og65kmqgeltng&ratio=720p&line=0
[2025-10-16T05:33:36.025Z] [LOG] [downloadVideo] 开始下载视频: 第90集  | 4.10号直播(2)<<胄空形仙传>>第四十二集 刻之战终章(12)#西游记 #风君子清风
[2025-10-16T05:33:36.025Z] [LOG] 已存在，跳过下载: 第90集  _ 4.10号直播(2)__胄空形仙传__第四十二集 刻之战终章(12)#西游记 #风君子清风.mp4
[2025-10-16T05:33:36.025Z] [LOG] ✅ 成功下载: 第90集  _ 4.10号直播(2)__胄空形仙传__第四十二集 刻之战终章(12)#西游记 #风君子清风.mp4
[2025-10-16T05:33:36.025Z] [LOG] 随机等待 4841ms 后处理下一个视频...
[2025-10-16T05:33:40.868Z] [LOG] 
处理第 3/87 个视频:
[2025-10-16T05:33:40.868Z] [LOG] 标题: 第91集  | 4.11号直播(1)<<胄空形仙传>>(91)第四十三集 刻之战解读#西游记 #风君子清风
[2025-10-16T05:33:40.868Z] [LOG] 链接: www.douyin.com/video/7492277255419219239
[2025-10-16T05:33:41.360Z] [LOG] 使用设备: JioPhone 2
[2025-10-16T05:33:41.361Z] [LOG] 正在访问页面: https://www.douyin.com/video/7492277255419219239
[2025-10-16T05:33:43.941Z] [LOG] 随机等待 2932ms...
[2025-10-16T05:33:46.878Z] [LOG] 找到视频链接: https://m.douyin.com/aweme/v1/playwm/?video_id=v0d00fg10000cvsubcvog65l7rm9uv7g&ratio=720p&line=0
[2025-10-16T05:33:47.016Z] [LOG] [downloadVideo] 开始下载视频: 第91集  | 4.11号直播(1)<<胄空形仙传>>(91)第四十三集 刻之战解读#西游记 #风君子清风
[2025-10-16T05:33:47.017Z] [LOG] 已存在，跳过下载: 第91集  _ 4.11号直播(1)__胄空形仙传__(91)第四十三集 刻之战解读#西游记 #风君子清风.mp4
[2025-10-16T05:33:47.017Z] [LOG] ✅ 成功下载: 第91集  _ 4.11号直播(1)__胄空形仙传__(91)第四十三集 刻之战解读#西游记 #风君子清风.mp4
[2025-10-16T05:33:47.017Z] [LOG] 随机等待 7967ms 后处理下一个视频...
[2025-10-16T05:33:54.987Z] [LOG] 
处理第 4/87 个视频:
[2025-10-16T05:33:54.988Z] [LOG] 标题: 第92集  | 4.11号直播(2)<<胄空形仙传>>(92)第四十三集 刻之战解读 #西游记 #风君子清风
[2025-10-16T05:33:54.988Z] [LOG] 链接: www.douyin.com/video/7493422438638685449
[2025-10-16T05:33:56.057Z] [LOG] 使用设备: iPhone 13
[2025-10-16T05:33:56.058Z] [LOG] 正在访问页面: https://www.douyin.com/video/7493422438638685449
[2025-10-16T05:33:58.679Z] [LOG] 随机等待 3873ms...
[2025-10-16T05:34:02.569Z] [LOG] 找到视频链接: https://m.douyin.com/aweme/v1/playwm/?video_id=v0d00fg10000cvuviffog65ghpgj1pb0&ratio=720p&line=0
[2025-10-16T05:34:02.696Z] [LOG] [downloadVideo] 开始下载视频: 第92集  | 4.11号直播(2)<<胄空形仙传>>(92)第四十三集 刻之战解读 #西游记 #风君子清风
[2025-10-16T05:34:02.700Z] [LOG] [downloadVideo] 发送 axios 请求下载: https://m.douyin.com/aweme/v1/playwm/?video_id=v0d00fg10000cvuviffog65ghpgj1pb0&ratio=720p&line=0
[2025-10-16T05:34:03.368Z] [LOG] [downloadVideo] 开始管道传输数据到文件: /Users/robert/SelfMine/MyProject/douyinfix-url-download/videos/第92集  _ 4.11号直播(2)__胄空形仙传__(92)第四十三集 刻之战解读 #西游记 #风君子清风.mp4
[2025-10-16T05:34:09.708Z] [LOG] 脚本开始执行...
[2025-10-16T05:34:09.714Z] [LOG] 开始处理视频下载任务...
[2025-10-16T05:34:09.715Z] [LOG] 找到 87 个视频需要处理
[2025-10-16T05:34:09.715Z] [LOG] 
处理第 1/87 个视频:
[2025-10-16T05:34:09.715Z] [LOG] 标题: 第89集  | 4.10号直播(1)<<胄空形仙传>>第四十二集 刻之战终章(12)#西游记 #风君子清风
[2025-10-16T05:34:09.715Z] [LOG] 链接: www.douyin.com/video/7491904035654470924
[2025-10-16T05:34:10.347Z] [LOG] {"name":"TargetCloseError","cause":{"name":"ProtocolError"}}
[2025-10-16T05:34:10.347Z] [ERROR] 获取视频链接失败 (www.douyin.com/video/7491904035654470924): Protocol error (Target.createTarget): Target closed
[2025-10-16T05:34:10.356Z] [LOG] ❌ 获取视频链接失败: 第89集  | 4.10号直播(1)<<胄空形仙传>>第四十二集 刻之战终章(12)#西游记 #风君子清风
[2025-10-16T05:34:10.356Z] [LOG] 随机等待 3223ms 后处理下一个视频...
[2025-10-16T05:34:13.583Z] [LOG] 
处理第 2/87 个视频:
[2025-10-16T05:34:13.583Z] [LOG] 标题: 第90集  | 4.10号直播(2)<<胄空形仙传>>第四十二集 刻之战终章(12)#西游记 #风君子清风
[2025-10-16T05:34:13.583Z] [LOG] 链接: www.douyin.com/video/7491912223003118867
[2025-10-16T05:34:14.227Z] [LOG] {"name":"TargetCloseError","cause":{"name":"ProtocolError"}}
[2025-10-16T05:34:14.227Z] [ERROR] 获取视频链接失败 (www.douyin.com/video/7491912223003118867): Protocol error (Target.createTarget): Target closed
[2025-10-16T05:34:14.239Z] [LOG] ❌ 获取视频链接失败: 第90集  | 4.10号直播(2)<<胄空形仙传>>第四十二集 刻之战终章(12)#西游记 #风君子清风
[2025-10-16T05:34:14.239Z] [LOG] 随机等待 7164ms 后处理下一个视频...
[2025-10-16T05:34:21.404Z] [LOG] 
处理第 3/87 个视频:
[2025-10-16T05:34:21.404Z] [LOG] 标题: 第91集  | 4.11号直播(1)<<胄空形仙传>>(91)第四十三集 刻之战解读#西游记 #风君子清风
[2025-10-16T05:34:21.404Z] [LOG] 链接: www.douyin.com/video/7492277255419219239
[2025-10-16T05:34:22.014Z] [LOG] {"name":"TargetCloseError","cause":{"name":"ProtocolError"}}
[2025-10-16T05:34:22.014Z] [ERROR] 获取视频链接失败 (www.douyin.com/video/7492277255419219239): Protocol error (Target.createTarget): Target closed
[2025-10-16T05:34:22.022Z] [LOG] ❌ 获取视频链接失败: 第91集  | 4.11号直播(1)<<胄空形仙传>>(91)第四十三集 刻之战解读#西游记 #风君子清风
[2025-10-16T05:34:22.022Z] [LOG] 随机等待 6235ms 后处理下一个视频...
[2025-10-16T05:34:28.259Z] [LOG] 
处理第 4/87 个视频:
[2025-10-16T05:34:28.259Z] [LOG] 标题: 第92集  | 4.11号直播(2)<<胄空形仙传>>(92)第四十三集 刻之战解读 #西游记 #风君子清风
[2025-10-16T05:34:28.259Z] [LOG] 链接: www.douyin.com/video/7493422438638685449
[2025-10-16T05:34:29.019Z] [LOG] {"name":"TargetCloseError","cause":{"name":"ProtocolError"}}
[2025-10-16T05:34:29.019Z] [ERROR] 获取视频链接失败 (www.douyin.com/video/7493422438638685449): Protocol error (Target.createTarget): Target closed
[2025-10-16T05:34:29.027Z] [LOG] ❌ 获取视频链接失败: 第92集  | 4.11号直播(2)<<胄空形仙传>>(92)第四十三集 刻之战解读 #西游记 #风君子清风
[2025-10-16T05:34:29.027Z] [LOG] 随机等待 6620ms 后处理下一个视频...
[2025-10-16T05:34:35.648Z] [LOG] 
处理第 5/87 个视频:
[2025-10-16T05:34:35.648Z] [LOG] 标题: 第93集  | 4.16号直播(1)<<胄空形仙传>>第四十四集 "引渡实验创大千"#西游记 #风君子清风
[2025-10-16T05:34:35.649Z] [LOG] 链接: www.douyin.com/video/7494118299706346790
[2025-10-16T05:34:36.219Z] [LOG] {"name":"TargetCloseError","cause":{"name":"ProtocolError"}}
[2025-10-16T05:34:36.219Z] [ERROR] 获取视频链接失败 (www.douyin.com/video/7494118299706346790): Protocol error (Target.createTarget): Target closed
[2025-10-16T05:34:36.226Z] [LOG] ❌ 获取视频链接失败: 第93集  | 4.16号直播(1)<<胄空形仙传>>第四十四集 "引渡实验创大千"#西游记 #风君子清风
[2025-10-16T05:34:36.226Z] [LOG] 随机等待 4290ms 后处理下一个视频...
[2025-10-16T05:34:40.517Z] [LOG] 
处理第 6/87 个视频:
[2025-10-16T05:34:40.517Z] [LOG] 标题: 第94集  | 4.16号直播(2)<<胄空形仙传>>第四十四集 "引渡实验创大千"#西游记 #风君子清风
[2025-10-16T05:34:40.518Z] [LOG] 链接: www.douyin.com/video/7494124263436324105
[2025-10-16T05:34:41.111Z] [LOG] {"name":"TargetCloseError","cause":{"name":"ProtocolError"}}
[2025-10-16T05:34:41.111Z] [ERROR] 获取视频链接失败 (www.douyin.com/video/7494124263436324105): Protocol error (Target.createTarget): Target closed
[2025-10-16T05:34:41.118Z] [LOG] ❌ 获取视频链接失败: 第94集  | 4.16号直播(2)<<胄空形仙传>>第四十四集 "引渡实验创大千"#西游记 #风君子清风
[2025-10-16T05:34:41.118Z] [LOG] 随机等待 7729ms 后处理下一个视频...
[2025-10-16T05:34:48.849Z] [LOG] 
处理第 7/87 个视频:
[2025-10-16T05:34:48.849Z] [LOG] 标题: 第95集  | 4.17号直播(1)<<胄空形仙传>>(95)第四十五集 '慈净溪脉"#西游记 #风君子清风
[2025-10-16T05:34:48.849Z] [LOG] 链接: www.douyin.com/video/7494494836913900826
[2025-10-16T05:34:49.428Z] [LOG] {"name":"TargetCloseError","cause":{"name":"ProtocolError"}}
[2025-10-16T05:34:49.428Z] [ERROR] 获取视频链接失败 (www.douyin.com/video/7494494836913900826): Protocol error (Target.createTarget): Target closed
[2025-10-16T05:34:49.435Z] [LOG] ❌ 获取视频链接失败: 第95集  | 4.17号直播(1)<<胄空形仙传>>(95)第四十五集 '慈净溪脉"#西游记 #风君子清风
[2025-10-16T05:34:49.435Z] [LOG] 随机等待 4071ms 后处理下一个视频...
[2025-10-16T05:34:52.372Z] [LOG] 脚本开始执行...
[2025-10-16T05:34:52.373Z] [LOG] 开始处理视频下载任务...
[2025-10-16T05:34:52.726Z] [LOG] 找到 87 个视频需要处理
[2025-10-16T05:34:52.726Z] [LOG] 
处理第 1/87 个视频:
[2025-10-16T05:34:52.726Z] [LOG] 标题: 第89集  | 4.10号直播(1)<<胄空形仙传>>第四十二集 刻之战终章(12)#西游记 #风君子清风
[2025-10-16T05:34:52.726Z] [LOG] 链接: www.douyin.com/video/7491904035654470924
[2025-10-16T05:34:52.984Z] [ERROR] 处理视频时出错 (第89集  | 4.10号直播(1)<<胄空形仙传>>第四十二集 刻之战终章(12)#西游记 #风君子清风): Protocol error (Target.createTarget): Target closed
[2025-10-16T05:34:52.984Z] [LOG] 
处理第 2/87 个视频:
[2025-10-16T05:34:52.984Z] [LOG] 标题: 第90集  | 4.10号直播(2)<<胄空形仙传>>第四十二集 刻之战终章(12)#西游记 #风君子清风
[2025-10-16T05:34:52.984Z] [LOG] 链接: www.douyin.com/video/7491912223003118867
[2025-10-16T05:34:52.984Z] [ERROR] 处理视频时出错 (第90集  | 4.10号直播(2)<<胄空形仙传>>第四十二集 刻之战终章(12)#西游记 #风君子清风): Connection closed.
[2025-10-16T05:34:52.984Z] [LOG] 
处理第 3/87 个视频:
[2025-10-16T05:34:52.984Z] [LOG] 标题: 第91集  | 4.11号直播(1)<<胄空形仙传>>(91)第四十三集 刻之战解读#西游记 #风君子清风
[2025-10-16T05:34:52.984Z] [LOG] 链接: www.douyin.com/video/7492277255419219239
[2025-10-16T05:34:52.984Z] [ERROR] 处理视频时出错 (第91集  | 4.11号直播(1)<<胄空形仙传>>(91)第四十三集 刻之战解读#西游记 #风君子清风): Connection closed.
[2025-10-16T05:34:52.984Z] [LOG] 
处理第 4/87 个视频:
[2025-10-16T05:34:52.984Z] [LOG] 标题: 第92集  | 4.11号直播(2)<<胄空形仙传>>(92)第四十三集 刻之战解读 #西游记 #风君子清风
[2025-10-16T05:34:52.984Z] [LOG] 链接: www.douyin.com/video/7493422438638685449
[2025-10-16T05:34:52.984Z] [ERROR] 处理视频时出错 (第92集  | 4.11号直播(2)<<胄空形仙传>>(92)第四十三集 刻之战解读 #西游记 #风君子清风): Connection closed.
[2025-10-16T05:34:52.985Z] [LOG] 
处理第 5/87 个视频:
[2025-10-16T05:34:52.985Z] [LOG] 标题: 第93集  | 4.16号直播(1)<<胄空形仙传>>第四十四集 "引渡实验创大千"#西游记 #风君子清风
[2025-10-16T05:34:52.985Z] [LOG] 链接: www.douyin.com/video/7494118299706346790
[2025-10-16T05:34:52.985Z] [ERROR] 处理视频时出错 (第93集  | 4.16号直播(1)<<胄空形仙传>>第四十四集 "引渡实验创大千"#西游记 #风君子清风): Connection closed.
[2025-10-16T05:34:52.985Z] [LOG] 
处理第 6/87 个视频:
[2025-10-16T05:34:52.985Z] [LOG] 标题: 第94集  | 4.16号直播(2)<<胄空形仙传>>第四十四集 "引渡实验创大千"#西游记 #风君子清风
[2025-10-16T05:34:52.985Z] [LOG] 链接: www.douyin.com/video/7494124263436324105
[2025-10-16T05:34:52.985Z] [ERROR] 处理视频时出错 (第94集  | 4.16号直播(2)<<胄空形仙传>>第四十四集 "引渡实验创大千"#西游记 #风君子清风): Connection closed.
[2025-10-16T05:34:52.985Z] [LOG] 
处理第 7/87 个视频:
[2025-10-16T05:34:52.985Z] [LOG] 标题: 第95集  | 4.17号直播(1)<<胄空形仙传>>(95)第四十五集 '慈净溪脉"#西游记 #风君子清风
[2025-10-16T05:34:52.985Z] [LOG] 链接: www.douyin.com/video/7494494836913900826
[2025-10-16T05:34:52.985Z] [ERROR] 处理视频时出错 (第95集  | 4.17号直播(1)<<胄空形仙传>>(95)第四十五集 '慈净溪脉"#西游记 #风君子清风): Connection closed.
[2025-10-16T05:34:52.985Z] [LOG] 
处理第 8/87 个视频:
[2025-10-16T05:34:52.985Z] [LOG] 标题: 第96集  | 4.17号直播(2)<<胄空形仙传>>第四十五集 "慈净溪脉"#西游记 #西游记续集 #风君子清风
[2025-10-16T05:34:52.985Z] [LOG] 链接: www.douyin.com/video/7494498678644673802
[2025-10-16T05:34:52.985Z] [ERROR] 处理视频时出错 (第96集  | 4.17号直播(2)<<胄空形仙传>>第四十五集 "慈净溪脉"#西游记 #西游记续集 #风君子清风): Connection closed.
[2025-10-16T05:34:52.985Z] [LOG] 
处理第 9/87 个视频:
[2025-10-16T05:34:52.985Z] [LOG] 标题: 第97集  | 4.18号直播(1)<<胄空形仙传>>第四十六集(97) 慈净之主--"属 尘依"#西游记 #西游记续集 #风君子清风
[2025-10-16T05:34:52.985Z] [LOG] 链接: www.douyin.com/video/7494876886128987429
[2025-10-16T05:34:52.985Z] [ERROR] 处理视频时出错 (第97集  | 4.18号直播(1)<<胄空形仙传>>第四十六集(97) 慈净之主--"属 尘依"#西游记 #西游记续集 #风君子清风): Connection closed.
[2025-10-16T05:34:52.985Z] [LOG] 
处理第 10/87 个视频:
[2025-10-16T05:34:52.985Z] [LOG] 标题: 第98集  | 4.18号直播(2)<<胄空形仙传>>第四十六集(98) 慈净之主--"属 尘依"#西游记 #西游记续集 #风君子清风
[2025-10-16T05:34:52.985Z] [LOG] 链接: www.douyin.com/video/7500223136114183435
[2025-10-16T05:34:52.985Z] [ERROR] 处理视频时出错 (第98集  | 4.18号直播(2)<<胄空形仙传>>第四十六集(98) 慈净之主--"属 尘依"#西游记 #西游记续集 #风君子清风): Connection closed.
[2025-10-16T05:34:52.985Z] [LOG] 
处理第 11/87 个视频:
[2025-10-16T05:34:52.985Z] [LOG] 标题: 第99集  | 4.19号直播(1)<<胄空形仙传>>(99)第四十七集 众神战异魔篇#西游记 #西游记续集 #风君子清风
[2025-10-16T05:34:52.985Z] [LOG] 链接: www.douyin.com/video/7495259716411575579
[2025-10-16T05:34:52.985Z] [ERROR] 处理视频时出错 (第99集  | 4.19号直播(1)<<胄空形仙传>>(99)第四十七集 众神战异魔篇#西游记 #西游记续集 #风君子清风): Connection closed.
[2025-10-16T05:34:52.985Z] [LOG] 
处理第 12/87 个视频:
[2025-10-16T05:34:52.985Z] [LOG] 标题: 第100集  | 4.19号直播(2)<<胄空形仙传>>(100)第四十七集 众神战异魔篇#西游记 #西游记续集 #风君子清风
[2025-10-16T05:34:52.985Z] [LOG] 链接: www.douyin.com/video/7495262041104551206
[2025-10-16T05:34:52.985Z] [ERROR] 处理视频时出错 (第100集  | 4.19号直播(2)<<胄空形仙传>>(100)第四十七集 众神战异魔篇#西游记 #西游记续集 #风君子清风): Connection closed.
[2025-10-16T05:34:52.985Z] [LOG] 
处理第 13/87 个视频:
[2025-10-16T05:34:52.985Z] [LOG] 标题: 第101集  | 4.22号直播（1）《胄空形仙传》第四十八集 冷翟一族 道光初开，道光已成
[2025-10-16T05:34:52.985Z] [LOG] 链接: www.douyin.com/video/7496351417730649384
[2025-10-16T05:34:52.985Z] [ERROR] 处理视频时出错 (第101集  | 4.22号直播（1）《胄空形仙传》第四十八集 冷翟一族 道光初开，道光已成): Connection closed.
[2025-10-16T05:34:52.985Z] [LOG] 
处理第 14/87 个视频:
[2025-10-16T05:34:52.985Z] [LOG] 标题: 第102集  | 4.22号直播（2）《胄空形仙传》第四十八集 冷翟一族 道光初开，道光已成
[2025-10-16T05:34:52.985Z] [LOG] 链接: www.douyin.com/video/7496354908413791488
[2025-10-16T05:34:52.985Z] [ERROR] 处理视频时出错 (第102集  | 4.22号直播（2）《胄空形仙传》第四十八集 冷翟一族 道光初开，道光已成): Connection closed.
[2025-10-16T05:34:52.985Z] [LOG] 
处理第 15/87 个视频:
[2025-10-16T05:34:52.985Z] [LOG] 标题: 第103集  | 4.23号直播（1）《胄空形仙传》 红稀狼#风君子清风 #西游记
[2025-10-16T05:34:52.985Z] [LOG] 链接: www.douyin.com/video/7496901570710703400
[2025-10-16T05:34:52.985Z] [ERROR] 处理视频时出错 (第103集  | 4.23号直播（1）《胄空形仙传》 红稀狼#风君子清风 #西游记): Connection closed.
[2025-10-16T05:34:52.985Z] [LOG] 
处理第 16/87 个视频:
[2025-10-16T05:34:52.985Z] [LOG] 标题: 第104集  | 4.23号直播（2）《胄空形仙传》 红稀狼#风君子清风 #西游记
[2025-10-16T05:34:52.985Z] [LOG] 链接: www.douyin.com/video/7496911131174735156
[2025-10-16T05:34:52.985Z] [ERROR] 处理视频时出错 (第104集  | 4.23号直播（2）《胄空形仙传》 红稀狼#风君子清风 #西游记): Connection closed.
[2025-10-16T05:34:52.985Z] [LOG] 
处理第 17/87 个视频:
[2025-10-16T05:34:52.985Z] [LOG] 标题: 第105集  | 4.24号直播（1）《胄空形仙传》第五十集 篪星引爆 宇宙重生#风君子清风 #修行修心 #西游记 #故事
[2025-10-16T05:34:52.985Z] [LOG] 链接: www.douyin.com/video/7497082995778768180
[2025-10-16T05:34:52.986Z] [ERROR] 处理视频时出错 (第105集  | 4.24号直播（1）《胄空形仙传》第五十集 篪星引爆 宇宙重生#风君子清风 #修行修心 #西游记 #故事): Connection closed.
[2025-10-16T05:34:52.986Z] [LOG] 
处理第 18/87 个视频:
[2025-10-16T05:34:52.986Z] [LOG] 标题: 第106集  | 4.24号直播（2）《胄空形仙传》第五十集 篪星引爆 宇宙重生#风君子清风 #修行修心 #西游记 #故事
[2025-10-16T05:34:52.986Z] [LOG] 链接: www.douyin.com/video/7497087547412909352
[2025-10-16T05:34:52.986Z] [ERROR] 处理视频时出错 (第106集  | 4.24号直播（2）《胄空形仙传》第五十集 篪星引爆 宇宙重生#风君子清风 #修行修心 #西游记 #故事): Connection closed.
[2025-10-16T05:34:52.986Z] [LOG] 
处理第 19/87 个视频:
[2025-10-16T05:34:52.986Z] [LOG] 标题: 第107集  | 4.25号直播(1)<<胄空形仙传>>(107) 雷武一族#西游记 #风君子清风 #修心修行 #西游记续集
[2025-10-16T05:34:52.986Z] [LOG] 链接: www.douyin.com/video/7497484310308490535
[2025-10-16T05:34:52.986Z] [ERROR] 处理视频时出错 (第107集  | 4.25号直播(1)<<胄空形仙传>>(107) 雷武一族#西游记 #风君子清风 #修心修行 #西游记续集): Connection closed.
[2025-10-16T05:34:52.986Z] [LOG] 
处理第 20/87 个视频:
[2025-10-16T05:34:52.986Z] [LOG] 标题: 第108集  | 4.25号直播(2)<<胄空形仙传>>(108) 雷武一族#西游记 #风君子清风 #修心修行 #西游记续集
[2025-10-16T05:34:52.986Z] [LOG] 链接: www.douyin.com/video/7497489398322253068
[2025-10-16T05:34:52.986Z] [ERROR] 处理视频时出错 (第108集  | 4.25号直播(2)<<胄空形仙传>>(108) 雷武一族#西游记 #风君子清风 #修心修行 #西游记续集): Connection closed.
[2025-10-16T05:34:52.986Z] [LOG] 
处理第 21/87 个视频:
[2025-10-16T05:34:52.986Z] [LOG] 标题: 第109集  | 4.26号直播（1）《胄空形仙传》（109）黑火脉界#西游记 #西游记续集 #风君子清风
[2025-10-16T05:34:52.986Z] [LOG] 链接: www.douyin.com/video/7497818340758113536
[2025-10-16T05:34:52.986Z] [ERROR] 处理视频时出错 (第109集  | 4.26号直播（1）《胄空形仙传》（109）黑火脉界#西游记 #西游记续集 #风君子清风): Connection closed.
[2025-10-16T05:34:52.986Z] [LOG] 
处理第 22/87 个视频:
[2025-10-16T05:34:52.986Z] [LOG] 标题: 第110集  | 4.26号直播（2）《胄空形仙传》（110）黑火脉界#西游记 #西游记续集 #风君子清风
[2025-10-16T05:34:52.986Z] [LOG] 链接: www.douyin.com/video/7497822229586889984
[2025-10-16T05:34:52.986Z] [ERROR] 处理视频时出错 (第110集  | 4.26号直播（2）《胄空形仙传》（110）黑火脉界#西游记 #西游记续集 #风君子清风): Connection closed.
[2025-10-16T05:34:52.986Z] [LOG] 
处理第 23/87 个视频:
[2025-10-16T05:34:52.986Z] [LOG] 标题: 第111集  | 4.30号直播（1）《胄空形仙传》（111）神魔两族诞生#西游记 #西游记续集 #风君子清风直播
[2025-10-16T05:34:52.986Z] [LOG] 链接: www.douyin.com/video/7498932709335895331
[2025-10-16T05:34:52.986Z] [ERROR] 处理视频时出错 (第111集  | 4.30号直播（1）《胄空形仙传》（111）神魔两族诞生#西游记 #西游记续集 #风君子清风直播): Connection closed.
[2025-10-16T05:34:52.986Z] [LOG] 
处理第 24/87 个视频:
[2025-10-16T05:34:52.986Z] [LOG] 标题: 第112集  | 4.30号直播（2）《胄空形仙传》（112）神魔两族诞生#西游记 #西游记续集 #风君子清风直播
[2025-10-16T05:34:52.986Z] [LOG] 链接: www.douyin.com/video/7498934396288912674
[2025-10-16T05:34:52.986Z] [ERROR] 处理视频时出错 (第112集  | 4.30号直播（2）《胄空形仙传》（112）神魔两族诞生#西游记 #西游记续集 #风君子清风直播): Connection closed.
[2025-10-16T05:34:52.986Z] [LOG] 
处理第 25/87 个视频:
[2025-10-16T05:34:52.986Z] [LOG] 标题: 第113集  | 4.30号直播(1)<<胄空形仙传>>(113)"平渡之域" 四类魂:兽魂 灵能 源魂 恒魂#西游记 #风君子清风
[2025-10-16T05:34:52.986Z] [LOG] 链接: www.douyin.com/video/7499303892883131711
[2025-10-16T05:34:52.986Z] [ERROR] 处理视频时出错 (第113集  | 4.30号直播(1)<<胄空形仙传>>(113)"平渡之域" 四类魂:兽魂 灵能 源魂 恒魂#西游记 #风君子清风): Connection closed.
[2025-10-16T05:34:52.986Z] [LOG] 
处理第 26/87 个视频:
[2025-10-16T05:34:52.986Z] [LOG] 标题: 第114集  | 4.30号直播(2)<<胄空形仙传>>(114)"平渡之域"（1） 四类魂:兽魂 灵能 源魂 恒魂 #西游记   #风君子清风
[2025-10-16T05:34:52.986Z] [LOG] 链接: www.douyin.com/video/7499307083473440054
[2025-10-16T05:34:52.986Z] [ERROR] 处理视频时出错 (第114集  | 4.30号直播(2)<<胄空形仙传>>(114)"平渡之域"（1） 四类魂:兽魂 灵能 源魂 恒魂 #西游记   #风君子清风): Connection closed.
[2025-10-16T05:34:52.986Z] [LOG] 
处理第 27/87 个视频:
[2025-10-16T05:34:52.986Z] [LOG] 标题: 第115集  | 5.6号直播（1）《胄空形仙传》（115）“平渡之域”（2）#西游记 #西游 #风君子清风
[2025-10-16T05:34:52.986Z] [LOG] 链接: www.douyin.com/video/7501545788955888931
[2025-10-16T05:34:52.986Z] [ERROR] 处理视频时出错 (第115集  | 5.6号直播（1）《胄空形仙传》（115）“平渡之域”（2）#西游记 #西游 #风君子清风): Connection closed.
[2025-10-16T05:34:52.986Z] [LOG] 
处理第 28/87 个视频:
[2025-10-16T05:34:52.986Z] [LOG] 标题: 第116集  | 5.6号直播（2）《胄空形仙传》（116）“平渡之域”（2）#西游记 #西游 #风君子清风
[2025-10-16T05:34:52.986Z] [LOG] 链接: www.douyin.com/video/7501548021584661794
[2025-10-16T05:34:52.986Z] [ERROR] 处理视频时出错 (第116集  | 5.6号直播（2）《胄空形仙传》（116）“平渡之域”（2）#西游记 #西游 #风君子清风): Connection closed.
[2025-10-16T05:34:52.986Z] [LOG] 
处理第 29/87 个视频:
[2025-10-16T05:34:52.986Z] [LOG] 标题: 第117集  | 5.7号直播（1）《胄空形仙传》（117）“平渡世界”（3）引渡：何为“渡”#西游 #西游记 #风君子清风
[2025-10-16T05:34:52.986Z] [LOG] 链接: www.douyin.com/video/7501949356996562228
[2025-10-16T05:34:52.986Z] [ERROR] 处理视频时出错 (第117集  | 5.7号直播（1）《胄空形仙传》（117）“平渡世界”（3）引渡：何为“渡”#西游 #西游记 #风君子清风): Connection closed.
[2025-10-16T05:34:52.986Z] [LOG] 
处理第 30/87 个视频:
[2025-10-16T05:34:52.986Z] [LOG] 标题: 第118集  | 5.7号直播（2）《胄空形仙传》（118）“平渡世界”（3）引渡：何为“渡”#西游 #西游记 #风君子清风
[2025-10-16T05:34:52.986Z] [LOG] 链接: www.douyin.com/video/7501950836843908387
[2025-10-16T05:34:52.986Z] [ERROR] 处理视频时出错 (第118集  | 5.7号直播（2）《胄空形仙传》（118）“平渡世界”（3）引渡：何为“渡”#西游 #西游记 #风君子清风): Connection closed.
[2025-10-16T05:34:52.986Z] [LOG] 
处理第 31/87 个视频:
[2025-10-16T05:34:52.986Z] [LOG] 标题: 第119集  | 5.8号直播（1）《胄空形仙传》（119）“平渡之域”（4）鬓界 （2）何为“渡”，如何“渡”#西游记  #风君子清风 #修行之路 #轮回 #地府
[2025-10-16T05:34:52.986Z] [LOG] 链接: www.douyin.com/video/7502310091027418403
[2025-10-16T05:34:52.986Z] [ERROR] 处理视频时出错 (第119集  | 5.8号直播（1）《胄空形仙传》（119）“平渡之域”（4）鬓界 （2）何为“渡”，如何“渡”#西游记  #风君子清风 #修行之路 #轮回 #地府): Connection closed.
[2025-10-16T05:34:52.986Z] [LOG] 
处理第 32/87 个视频:
[2025-10-16T05:34:52.986Z] [LOG] 标题: 第120集  | 5.8号直播（2）《胄空形仙传》（120）“平渡之域”（4）鬓界 （2）何为“渡”，如何“渡”#西游记  #风君子清风 #修行之路 #轮回 #地府
[2025-10-16T05:34:52.986Z] [LOG] 链接: www.douyin.com/video/7502312737210551567
[2025-10-16T05:34:52.986Z] [ERROR] 处理视频时出错 (第120集  | 5.8号直播（2）《胄空形仙传》（120）“平渡之域”（4）鬓界 （2）何为“渡”，如何“渡”#西游记  #风君子清风 #修行之路 #轮回 #地府): Connection closed.
[2025-10-16T05:34:52.987Z] [LOG] 
处理第 33/87 个视频:
[2025-10-16T05:34:52.987Z] [LOG] 标题: 第121集  | 5.9号直播（1）《胄空形仙传》（121）“平渡之域”（5）平渡释神篇#修行 #西游记 #西游 #风君子清风
[2025-10-16T05:34:52.987Z] [LOG] 链接: www.douyin.com/video/7502673025349111092
[2025-10-16T05:34:52.987Z] [ERROR] 处理视频时出错 (第121集  | 5.9号直播（1）《胄空形仙传》（121）“平渡之域”（5）平渡释神篇#修行 #西游记 #西游 #风君子清风): Connection closed.
[2025-10-16T05:34:52.987Z] [LOG] 
处理第 34/87 个视频:
[2025-10-16T05:34:52.987Z] [LOG] 标题: 第122集  | 5.9号直播（2）《胄空形仙传》（121）“平渡之域”（5）平渡释神篇#修行 #西游记 #西游 #风君子清风
[2025-10-16T05:34:52.987Z] [LOG] 链接: www.douyin.com/video/7502674012405976372
[2025-10-16T05:34:52.987Z] [ERROR] 处理视频时出错 (第122集  | 5.9号直播（2）《胄空形仙传》（121）“平渡之域”（5）平渡释神篇#修行 #西游记 #西游 #风君子清风): Connection closed.
[2025-10-16T05:34:52.987Z] [LOG] 
处理第 35/87 个视频:
[2025-10-16T05:34:52.987Z] [LOG] 标题: 第123集  | 25.5.10号直播(1)<<胄空形仙传>>(123)"平渡之域" 鬓闩之主篇#风君子清风 #西游 #西游记 #故事与酒
[2025-10-16T05:34:52.987Z] [LOG] 链接: www.douyin.com/video/7503049397920451859
[2025-10-16T05:34:52.987Z] [ERROR] 处理视频时出错 (第123集  | 25.5.10号直播(1)<<胄空形仙传>>(123)"平渡之域" 鬓闩之主篇#风君子清风 #西游 #西游记 #故事与酒): Connection closed.
[2025-10-16T05:34:52.987Z] [LOG] 
处理第 36/87 个视频:
[2025-10-16T05:34:52.987Z] [LOG] 标题: 第124集  | 25.5.10号直播(1)<<胄空形仙传>>(123)"平渡之域" 鬓闩之主篇 #风君子清风    #西游记    #西游    #故事与酒
[2025-10-16T05:34:52.987Z] [LOG] 链接: www.douyin.com/video/7503054252172971327
[2025-10-16T05:34:52.987Z] [ERROR] 处理视频时出错 (第124集  | 25.5.10号直播(1)<<胄空形仙传>>(123)"平渡之域" 鬓闩之主篇 #风君子清风    #西游记    #西游    #故事与酒): Connection closed.
[2025-10-16T05:34:52.987Z] [LOG] 
处理第 37/87 个视频:
[2025-10-16T05:34:52.987Z] [LOG] 标题: 第125集  | 25.5.13号直播（2）《胄空形仙传》（125）魂泉，权环帝#西游 #西游记 #风君子清风 #胄空形仙传 #故事
[2025-10-16T05:34:52.987Z] [LOG] 链接: www.douyin.com/video/7504180786577919232
[2025-10-16T05:34:52.987Z] [ERROR] 处理视频时出错 (第125集  | 25.5.13号直播（2）《胄空形仙传》（125）魂泉，权环帝#西游 #西游记 #风君子清风 #胄空形仙传 #故事): Connection closed.
[2025-10-16T05:34:52.987Z] [LOG] 
处理第 38/87 个视频:
[2025-10-16T05:34:52.987Z] [LOG] 标题: 第126集  | 25.5.14号直播（1）《胄空形仙传》（126）第六十四集 怒篪：你是否生怒生怨生恨#胄空行仙传 #风君子清风 #故事 #西游 #西游记
[2025-10-16T05:34:52.987Z] [LOG] 链接: www.douyin.com/video/7504541020257455395
[2025-10-16T05:34:52.987Z] [ERROR] 处理视频时出错 (第126集  | 25.5.14号直播（1）《胄空形仙传》（126）第六十四集 怒篪：你是否生怒生怨生恨#胄空行仙传 #风君子清风 #故事 #西游 #西游记): Connection closed.
[2025-10-16T05:34:52.987Z] [LOG] 
处理第 39/87 个视频:
[2025-10-16T05:34:52.987Z] [LOG] 标题: 第127集  | 25.5.14号直播（3）《胄空形仙传》（127）第六十四集 怒篪：你是否生怒生怨生恨#胄空行仙传 #风君子清风 #故事 #西游 #西游记
[2025-10-16T05:34:52.987Z] [LOG] 链接: www.douyin.com/video/7504541708215766324
[2025-10-16T05:34:52.987Z] [ERROR] 处理视频时出错 (第127集  | 25.5.14号直播（3）《胄空形仙传》（127）第六十四集 怒篪：你是否生怒生怨生恨#胄空行仙传 #风君子清风 #故事 #西游 #西游记): Connection closed.
[2025-10-16T05:34:52.987Z] [LOG] 
处理第 40/87 个视频:
[2025-10-16T05:34:52.987Z] [LOG] 标题: 第128集  | 25.5.15号直播（1）《胄空行仙传》（128）第六十四集，青牙引平渡#风君子清风 #西游 #西游记 #故事 #故事与酒
[2025-10-16T05:34:52.987Z] [LOG] 链接: www.douyin.com/video/7504926476757339444
[2025-10-16T05:34:52.987Z] [ERROR] 处理视频时出错 (第128集  | 25.5.15号直播（1）《胄空行仙传》（128）第六十四集，青牙引平渡#风君子清风 #西游 #西游记 #故事 #故事与酒): Connection closed.
[2025-10-16T05:34:52.987Z] [LOG] 
处理第 41/87 个视频:
[2025-10-16T05:34:52.987Z] [LOG] 标题: 第129集  | 25.5.15号直播（2）《胄空行仙传》（129）第六十四集，青牙引平渡#风君子清风 #西游 #西游记 #故事 #故事与酒
[2025-10-16T05:34:52.987Z] [LOG] 链接: www.douyin.com/video/7504929176140123426
[2025-10-16T05:34:52.987Z] [ERROR] 处理视频时出错 (第129集  | 25.5.15号直播（2）《胄空行仙传》（129）第六十四集，青牙引平渡#风君子清风 #西游 #西游记 #故事 #故事与酒): Connection closed.
[2025-10-16T05:34:52.987Z] [LOG] 
处理第 42/87 个视频:
[2025-10-16T05:34:52.987Z] [LOG] 标题: 第130集  | 25.5.16号直播<<胄空形仙传>>(130)第六十五集引渡魂盘推演 ,何为"触法"#西游 #西游记 #风君子清风 #胄空形仙传 #故事与酒
[2025-10-16T05:34:52.987Z] [LOG] 链接: www.douyin.com/video/7505265264229961011
[2025-10-16T05:34:52.987Z] [ERROR] 处理视频时出错 (第130集  | 25.5.16号直播<<胄空形仙传>>(130)第六十五集引渡魂盘推演 ,何为"触法"#西游 #西游记 #风君子清风 #胄空形仙传 #故事与酒): Connection closed.
[2025-10-16T05:34:52.987Z] [LOG] 
处理第 43/87 个视频:
[2025-10-16T05:34:52.987Z] [LOG] 标题: 第131集  | 25.5.17号直播<<胄空形仙传>>(131) 第六十六集 天界系统诞生: 道廓--道理 天部--天轮 魂系--魂启 动--律 频--调
[2025-10-16T05:34:52.987Z] [LOG] 链接: www.douyin.com/video/7505635828320718118
[2025-10-16T05:34:52.987Z] [ERROR] 处理视频时出错 (第131集  | 25.5.17号直播<<胄空形仙传>>(131) 第六十六集 天界系统诞生: 道廓--道理 天部--天轮 魂系--魂启 动--律 频--调): Connection closed.
[2025-10-16T05:34:52.987Z] [LOG] 
处理第 44/87 个视频:
[2025-10-16T05:34:52.987Z] [LOG] 标题: 第132集  | 25.5.20号直播（1）《胄空形仙传》（132）第六十七集  福幻与恨源，平渡鬓主拜师#风君子清风 #故事 #西游 #西游记 #胄空形仙传
[2025-10-16T05:34:52.987Z] [LOG] 链接: www.douyin.com/video/7506765492725157155
[2025-10-16T05:34:52.987Z] [ERROR] 处理视频时出错 (第132集  | 25.5.20号直播（1）《胄空形仙传》（132）第六十七集  福幻与恨源，平渡鬓主拜师#风君子清风 #故事 #西游 #西游记 #胄空形仙传): Connection closed.
[2025-10-16T05:34:52.987Z] [LOG] 
处理第 45/87 个视频:
[2025-10-16T05:34:52.987Z] [LOG] 标题: 第133集  | 25.5.20号直播（2）《胄空形仙传》（133）第六十七集  福幻与恨源 平渡鬓主拜师#风君子清风 #故事 #西游 #西游记 #胄空形仙传
[2025-10-16T05:34:52.987Z] [LOG] 链接: www.douyin.com/video/7506767396427042083
[2025-10-16T05:34:52.987Z] [ERROR] 处理视频时出错 (第133集  | 25.5.20号直播（2）《胄空形仙传》（133）第六十七集  福幻与恨源 平渡鬓主拜师#风君子清风 #故事 #西游 #西游记 #胄空形仙传): Connection closed.
[2025-10-16T05:34:52.987Z] [LOG] 
处理第 46/87 个视频:
[2025-10-16T05:34:52.987Z] [LOG] 标题: 第134集  | 25.5.21号直播（1）《胄空形仙传》（134）第六十八集#风君子清风 #故事与酒 #胄空形仙传 #西游记 #西游记续集
[2025-10-16T05:34:52.987Z] [LOG] 链接: www.douyin.com/video/7507139994201836834
[2025-10-16T05:34:52.987Z] [ERROR] 处理视频时出错 (第134集  | 25.5.21号直播（1）《胄空形仙传》（134）第六十八集#风君子清风 #故事与酒 #胄空形仙传 #西游记 #西游记续集): Connection closed.
[2025-10-16T05:34:52.987Z] [LOG] 
处理第 47/87 个视频:
[2025-10-16T05:34:52.987Z] [LOG] 标题: 第135集  | 25.5.21号直播（2）(重发版)《胄空形仙传》（135）第六十八集#风君子清风 #故事与酒 #胄空形仙传 #西游记 #西游记续集
[2025-10-16T05:34:52.987Z] [LOG] 链接: www.douyin.com/video/7530626723898068239
[2025-10-16T05:34:52.987Z] [ERROR] 处理视频时出错 (第135集  | 25.5.21号直播（2）(重发版)《胄空形仙传》（135）第六十八集#风君子清风 #故事与酒 #胄空形仙传 #西游记 #西游记续集): Connection closed.
[2025-10-16T05:34:52.987Z] [LOG] 
处理第 48/87 个视频:
[2025-10-16T05:34:52.987Z] [LOG] 标题: 第136集  | 25.5.22号直播（1）《胄空形仙传》（136）第六十九集“花道诞生”#风君子清风 #西游记 #西游记续集 #胄空形仙传 #故事与酒
[2025-10-16T05:34:52.987Z] [LOG] 链接: www.douyin.com/video/7507528558002621696
[2025-10-16T05:34:52.987Z] [ERROR] 处理视频时出错 (第136集  | 25.5.22号直播（1）《胄空形仙传》（136）第六十九集“花道诞生”#风君子清风 #西游记 #西游记续集 #胄空形仙传 #故事与酒): Connection closed.
[2025-10-16T05:34:52.987Z] [LOG] 
处理第 49/87 个视频:
[2025-10-16T05:34:52.987Z] [LOG] 标题: 第137集  | 25.5.22号直播（2）《胄空形仙传》（137）第六十九集“花道诞生”#风君子清风 #西游记 #西游记续集 #胄空形仙传 #故事与酒
[2025-10-16T05:34:52.987Z] [LOG] 链接: www.douyin.com/video/7507530131612192000
[2025-10-16T05:34:52.987Z] [ERROR] 处理视频时出错 (第137集  | 25.5.22号直播（2）《胄空形仙传》（137）第六十九集“花道诞生”#风君子清风 #西游记 #西游记续集 #胄空形仙传 #故事与酒): Connection closed.
[2025-10-16T05:34:52.987Z] [LOG] 
处理第 50/87 个视频:
[2025-10-16T05:34:52.987Z] [LOG] 标题: 第138集  | 25.5.23号直播（1）《胄空形仙传》（138）第七十集#风君子清风 #胄空形仙传 #西游记 #西游记续集 #故事分享
[2025-10-16T05:34:52.987Z] [LOG] 链接: www.douyin.com/video/7507887572631670050
[2025-10-16T05:34:52.987Z] [ERROR] 处理视频时出错 (第138集  | 25.5.23号直播（1）《胄空形仙传》（138）第七十集#风君子清风 #胄空形仙传 #西游记 #西游记续集 #故事分享): Connection closed.
[2025-10-16T05:34:52.987Z] [LOG] 
处理第 51/87 个视频:
[2025-10-16T05:34:52.987Z] [LOG] 标题: 第139集  | 25.5.23号直播（2）《胄空形仙传》（139）第七十集#风君子清风 #胄空形仙传 #西游记 #西游记续集 #故事分享
[2025-10-16T05:34:52.987Z] [LOG] 链接: www.douyin.com/video/7507890452957089058
[2025-10-16T05:34:52.987Z] [ERROR] 处理视频时出错 (第139集  | 25.5.23号直播（2）《胄空形仙传》（139）第七十集#风君子清风 #胄空形仙传 #西游记 #西游记续集 #故事分享): Connection closed.
[2025-10-16T05:34:52.987Z] [LOG] 
处理第 52/87 个视频:
[2025-10-16T05:34:52.987Z] [LOG] 标题: 第140集  | 25.5.24号直播 <<胄空形仙传>>(140)第七十一集 "花道"篇3#风君子清风 #胄空形仙传 #西游 #西游记 #故事
[2025-10-16T05:34:52.987Z] [LOG] 链接: www.douyin.com/video/7508256478856252698
[2025-10-16T05:34:52.987Z] [ERROR] 处理视频时出错 (第140集  | 25.5.24号直播 <<胄空形仙传>>(140)第七十一集 "花道"篇3#风君子清风 #胄空形仙传 #西游 #西游记 #故事): Connection closed.
[2025-10-16T05:34:52.987Z] [LOG] 
处理第 53/87 个视频:
[2025-10-16T05:34:52.987Z] [LOG] 标题: 第141集  | 25.5.27号直播 <<胄空形仙传>>第七十二集 花道篇(4)净神化道,冠脉诞生#风君子清风 #胄空形仙传 #故事 #西游记 #揭秘
[2025-10-16T05:34:52.987Z] [LOG] 链接: www.douyin.com/video/7509355923907923226
[2025-10-16T05:34:52.988Z] [ERROR] 处理视频时出错 (第141集  | 25.5.27号直播 <<胄空形仙传>>第七十二集 花道篇(4)净神化道,冠脉诞生#风君子清风 #胄空形仙传 #故事 #西游记 #揭秘): Connection closed.
[2025-10-16T05:34:52.988Z] [LOG] 
处理第 54/87 个视频:
[2025-10-16T05:34:52.988Z] [LOG] 标题: 第142集  | 25.5.28号直播（1）《胄空形仙传》（142）第七十三集花道篇（5）#风君子清风 #故事 #故事与酒 #胄空形仙传 #解密
[2025-10-16T05:34:52.988Z] [LOG] 链接: www.douyin.com/video/7509691305649720591
[2025-10-16T05:34:52.988Z] [ERROR] 处理视频时出错 (第142集  | 25.5.28号直播（1）《胄空形仙传》（142）第七十三集花道篇（5）#风君子清风 #故事 #故事与酒 #胄空形仙传 #解密): Connection closed.
[2025-10-16T05:34:52.988Z] [LOG] 
处理第 55/87 个视频:
[2025-10-16T05:34:52.988Z] [LOG] 标题: 第143集  | 25.5.28号直播（2）《胄空形仙传》（143）第七十三集 花道篇（5）#风君子清风 #故事 #故事与酒 #胄空形仙传 #解密
[2025-10-16T05:34:52.988Z] [LOG] 链接: www.douyin.com/video/7509692233030651151
[2025-10-16T05:34:52.988Z] [ERROR] 处理视频时出错 (第143集  | 25.5.28号直播（2）《胄空形仙传》（143）第七十三集 花道篇（5）#风君子清风 #故事 #故事与酒 #胄空形仙传 #解密): Connection closed.
[2025-10-16T05:34:52.988Z] [LOG] 
处理第 56/87 个视频:
[2025-10-16T05:34:52.988Z] [LOG] 标题: 第144集  | 25.5.29号直播（1）《胄空形仙传》（144）第七十三集“芽修传”（1）#风君子清风 #胄空形仙传 #西游记续集 #故事会 #修行
[2025-10-16T05:34:52.988Z] [LOG] 链接: www.douyin.com/video/7510064557072813312
[2025-10-16T05:34:52.988Z] [ERROR] 处理视频时出错 (第144集  | 25.5.29号直播（1）《胄空形仙传》（144）第七十三集“芽修传”（1）#风君子清风 #胄空形仙传 #西游记续集 #故事会 #修行): Connection closed.
[2025-10-16T05:34:52.988Z] [LOG] 
处理第 57/87 个视频:
[2025-10-16T05:34:52.988Z] [LOG] 标题: 第145集  | 25.5.29号直播（2）《胄空形仙传》（145）第七十三集花道篇（6） "运回" "素界"自此平渡世界告一段落#风君子清风 #胄空形仙传 #西游记续集 #故事会 #修行
[2025-10-16T05:34:52.988Z] [LOG] 链接: www.douyin.com/video/7510068374434254095
[2025-10-16T05:34:52.988Z] [ERROR] 处理视频时出错 (第145集  | 25.5.29号直播（2）《胄空形仙传》（145）第七十三集花道篇（6） "运回" "素界"自此平渡世界告一段落#风君子清风 #胄空形仙传 #西游记续集 #故事会 #修行): Connection closed.
[2025-10-16T05:34:52.988Z] [LOG] 
处理第 58/87 个视频:
[2025-10-16T05:34:52.988Z] [LOG] 标题: 第146集  | 25.5.30号直播 <<胄空形仙传>>(146)第七十四集 "芽修传"(1)先锋:你叫做"芽成"#风君子清风 #故事 #胄空形仙传 #修行 #揭秘
[2025-10-16T05:34:52.988Z] [LOG] 链接: www.douyin.com/video/7510450869587037480
[2025-10-16T05:34:52.988Z] [ERROR] 处理视频时出错 (第146集  | 25.5.30号直播 <<胄空形仙传>>(146)第七十四集 "芽修传"(1)先锋:你叫做"芽成"#风君子清风 #故事 #胄空形仙传 #修行 #揭秘): Connection closed.
[2025-10-16T05:34:52.988Z] [LOG] 
处理第 59/87 个视频:
[2025-10-16T05:34:52.988Z] [LOG] 标题: 第147集  | 25.6.3号直播<<胄空形仙传>>第七十五集 芽修传(2)#风君子清风 #胄空形仙传 #故事 #宇宙 #修行
[2025-10-16T05:34:52.988Z] [LOG] 链接: www.douyin.com/video/7511963619135884584
[2025-10-16T05:34:52.988Z] [ERROR] 处理视频时出错 (第147集  | 25.6.3号直播<<胄空形仙传>>第七十五集 芽修传(2)#风君子清风 #胄空形仙传 #故事 #宇宙 #修行): Connection closed.
[2025-10-16T05:34:52.988Z] [LOG] 
处理第 60/87 个视频:
[2025-10-16T05:34:52.988Z] [LOG] 标题: 第148集  | 25.6.4号直播 <<胄空形仙传>>(148) 第七十六集 "芽成大战红稀狼"#风君子清风 #胄空形仙传 #故事 #修行 #揭秘
[2025-10-16T05:34:52.988Z] [LOG] 链接: www.douyin.com/video/7512385501559557391
[2025-10-16T05:34:52.988Z] [ERROR] 处理视频时出错 (第148集  | 25.6.4号直播 <<胄空形仙传>>(148) 第七十六集 "芽成大战红稀狼"#风君子清风 #胄空形仙传 #故事 #修行 #揭秘): Connection closed.
[2025-10-16T05:34:52.988Z] [LOG] 
处理第 61/87 个视频:
[2025-10-16T05:34:52.988Z] [LOG] 标题: 第149集  | 25.6.5号直播 <<胄空形仙传>>(149)什么是"刻"什么是念能 魂能#风君子清风 #胄空形仙传 #故事 #修行
[2025-10-16T05:34:52.988Z] [LOG] 链接: www.douyin.com/video/7512772471393635599
[2025-10-16T05:34:52.988Z] [ERROR] 处理视频时出错 (第149集  | 25.6.5号直播 <<胄空形仙传>>(149)什么是"刻"什么是念能 魂能#风君子清风 #胄空形仙传 #故事 #修行): Connection closed.
[2025-10-16T05:34:52.988Z] [LOG] 
处理第 62/87 个视频:
[2025-10-16T05:34:52.988Z] [LOG] 标题: 第150集  | 25.6.6号直播<<胄空形仙传>>(150)第七十八集 芽修传(5)引渡:石光之媚,惑心之乱,本心之缺#风君子清风 #胄空形仙传 #故事 #道源 #修行
[2025-10-16T05:34:52.988Z] [LOG] 链接: www.douyin.com/video/7513173459883593012
[2025-10-16T05:34:52.988Z] [ERROR] 处理视频时出错 (第150集  | 25.6.6号直播<<胄空形仙传>>(150)第七十八集 芽修传(5)引渡:石光之媚,惑心之乱,本心之缺#风君子清风 #胄空形仙传 #故事 #道源 #修行): Connection closed.
[2025-10-16T05:34:52.988Z] [LOG] 
处理第 63/87 个视频:
[2025-10-16T05:34:52.988Z] [LOG] 标题: 第151集  | 25.6.10号直播<<胄空形仙传>>(151)第七十九集#风君子清风 #胄空形仙传 #故事 #宇宙 #道源
[2025-10-16T05:34:52.988Z] [LOG] 链接: www.douyin.com/video/7514372122811174178
[2025-10-16T05:34:52.988Z] [ERROR] 处理视频时出错 (第151集  | 25.6.10号直播<<胄空形仙传>>(151)第七十九集#风君子清风 #胄空形仙传 #故事 #宇宙 #道源): Connection closed.
[2025-10-16T05:34:52.988Z] [LOG] 
处理第 64/87 个视频:
[2025-10-16T05:34:52.988Z] [LOG] 标题: 第152集  | 25.6.11号直播<<胄空形仙传>>(152)"芽修传" 新月之一族诞生#风君子清风 #胄空形仙传 #道源 #故事 #揭秘
[2025-10-16T05:34:52.988Z] [LOG] 链接: www.douyin.com/video/7514926656134401330
[2025-10-16T05:34:52.988Z] [ERROR] 处理视频时出错 (第152集  | 25.6.11号直播<<胄空形仙传>>(152)"芽修传" 新月之一族诞生#风君子清风 #胄空形仙传 #道源 #故事 #揭秘): Connection closed.
[2025-10-16T05:34:52.988Z] [LOG] 
处理第 65/87 个视频:
[2025-10-16T05:34:52.988Z] [LOG] 标题: 第153集  | 25.6.12号直播<<胄空形仙传>>(153)第八十一集 "芽修传"九麗麟主篇#风君子清风 #胄空形仙传 #故事 #道源 #揭秘
[2025-10-16T05:34:52.988Z] [LOG] 链接: www.douyin.com/video/7515485346872741147
[2025-10-16T05:34:52.988Z] [ERROR] 处理视频时出错 (第153集  | 25.6.12号直播<<胄空形仙传>>(153)第八十一集 "芽修传"九麗麟主篇#风君子清风 #胄空形仙传 #故事 #道源 #揭秘): Connection closed.
[2025-10-16T05:34:52.988Z] [LOG] 
处理第 66/87 个视频:
[2025-10-16T05:34:52.988Z] [LOG] 标题: 第154集  | 25.6.13号直播<<胄空形仙传>>(154)第八十二集 "芽修传"(9)"芽成长大"篇#风君子清风 #胄空形仙传 #道源 #故事 #修行
[2025-10-16T05:34:52.988Z] [LOG] 链接: www.douyin.com/video/7515659980880612646
[2025-10-16T05:34:52.988Z] [ERROR] 处理视频时出错 (第154集  | 25.6.13号直播<<胄空形仙传>>(154)第八十二集 "芽修传"(9)"芽成长大"篇#风君子清风 #胄空形仙传 #道源 #故事 #修行): Connection closed.
[2025-10-16T05:34:52.988Z] [LOG] 
处理第 67/87 个视频:
[2025-10-16T05:34:52.988Z] [LOG] 标题: 第155集  | 25.6.14号直播<<胄空形仙传>>(155)"芽修传" 宙荒之老,黑异之子#风君子清风 #胄空形仙传 #故事与酒 #宇宙 #修行修心
[2025-10-16T05:34:52.988Z] [LOG] 链接: www.douyin.com/video/7516034884150775091
[2025-10-16T05:34:52.988Z] [ERROR] 处理视频时出错 (第155集  | 25.6.14号直播<<胄空形仙传>>(155)"芽修传" 宙荒之老,黑异之子#风君子清风 #胄空形仙传 #故事与酒 #宇宙 #修行修心): Connection closed.
[2025-10-16T05:34:52.988Z] [LOG] 
处理第 68/87 个视频:
[2025-10-16T05:34:52.988Z] [LOG] 标题: 第156集  | 25.6.20号直播 <<胄空形仙传>>(156) "芽修传"(11)"异魔展示异想之美"#风君子清风 #胄空形仙传 #故事 #修行 #揭秘
[2025-10-16T05:34:52.988Z] [LOG] 链接: www.douyin.com/video/7518283356560198938
[2025-10-16T05:34:52.988Z] [ERROR] 处理视频时出错 (第156集  | 25.6.20号直播 <<胄空形仙传>>(156) "芽修传"(11)"异魔展示异想之美"#风君子清风 #胄空形仙传 #故事 #修行 #揭秘): Connection closed.
[2025-10-16T05:34:52.988Z] [LOG] 
处理第 69/87 个视频:
[2025-10-16T05:34:52.988Z] [LOG] 标题: 第157集  | 25.6.21号直播<<宙空形仙传>>(157) "芽修传"(12) "魔"么哒是什么#凤君子 #道源 #神魔大战 #魔 #修行
[2025-10-16T05:34:52.988Z] [LOG] 链接: www.douyin.com/video/7518649584382397723
[2025-10-16T05:34:52.988Z] [ERROR] 处理视频时出错 (第157集  | 25.6.21号直播<<宙空形仙传>>(157) "芽修传"(12) "魔"么哒是什么#凤君子 #道源 #神魔大战 #魔 #修行): Connection closed.
[2025-10-16T05:34:52.988Z] [LOG] 
处理第 70/87 个视频:
[2025-10-16T05:34:52.988Z] [LOG] 标题: 第158集  | 6.24号直播<<胄空形仙传>>(158)"芽修传"(12)芽成大战鬓主,平渡释神#风君子清风 #胄空形仙传 #修行 #故事与酒 #宇宙的有趣我才不在意
[2025-10-16T05:34:52.988Z] [LOG] 链接: www.douyin.com/video/7519566708709821759
[2025-10-16T05:34:52.988Z] [ERROR] 处理视频时出错 (第158集  | 6.24号直播<<胄空形仙传>>(158)"芽修传"(12)芽成大战鬓主,平渡释神#风君子清风 #胄空形仙传 #修行 #故事与酒 #宇宙的有趣我才不在意): Connection closed.
[2025-10-16T05:34:52.988Z] [LOG] 
处理第 71/87 个视频:
[2025-10-16T05:34:52.988Z] [LOG] 标题: 第159集  | 25.6.25号直播<<胄空形仙传>>(159)"芽修传"(13)芽成战五主之魂须#风君子清风 #胄空形仙传 #修行 #故事 #宇宙
[2025-10-16T05:34:52.988Z] [LOG] 链接: www.douyin.com/video/7520142016466963748
[2025-10-16T05:34:52.988Z] [ERROR] 处理视频时出错 (第159集  | 25.6.25号直播<<胄空形仙传>>(159)"芽修传"(13)芽成战五主之魂须#风君子清风 #胄空形仙传 #修行 #故事 #宇宙): Connection closed.
[2025-10-16T05:34:52.988Z] [LOG] 
处理第 72/87 个视频:
[2025-10-16T05:34:52.988Z] [LOG] 标题: 第160集  | 25.6.26号直播<<胄空形仙传>>(160)"芽修传"(14) 芽成战三能#风君子清风 #胄空形仙传 #故事 #修行修心 #宇宙的有趣我才不在意
[2025-10-16T05:34:52.988Z] [LOG] 链接: www.douyin.com/video/7520308353386450215
[2025-10-16T05:34:52.988Z] [ERROR] 处理视频时出错 (第160集  | 25.6.26号直播<<胄空形仙传>>(160)"芽修传"(14) 芽成战三能#风君子清风 #胄空形仙传 #故事 #修行修心 #宇宙的有趣我才不在意): Connection closed.
[2025-10-16T05:34:52.988Z] [LOG] 
处理第 73/87 个视频:
[2025-10-16T05:34:52.988Z] [LOG] 标题: 第161集  | 25.6.27号直播<<胄空形仙传>>(161) "芽修传"(15) 芽成战五主之怒篪,目青牙,魂须#风君子清风 #胄空形仙传 #故事 #修行 #修行之路
[2025-10-16T05:34:52.988Z] [LOG] 链接: www.douyin.com/video/7520861982174498089
[2025-10-16T05:34:52.988Z] [ERROR] 处理视频时出错 (第161集  | 25.6.27号直播<<胄空形仙传>>(161) "芽修传"(15) 芽成战五主之怒篪,目青牙,魂须#风君子清风 #胄空形仙传 #故事 #修行 #修行之路): Connection closed.
[2025-10-16T05:34:52.988Z] [LOG] 
处理第 74/87 个视频:
[2025-10-16T05:34:52.988Z] [LOG] 标题: 第162集  | 25.6.28号直播(1)<<胄空形仙传>>"芽修传"(16)芽成战胄空#风君子清风 #胄空形仙传 #故事 #宇宙 #揭秘
[2025-10-16T05:34:52.988Z] [LOG] 链接: www.douyin.com/video/7521240122856082727
[2025-10-16T05:34:52.988Z] [ERROR] 处理视频时出错 (第162集  | 25.6.28号直播(1)<<胄空形仙传>>"芽修传"(16)芽成战胄空#风君子清风 #胄空形仙传 #故事 #宇宙 #揭秘): Connection closed.
[2025-10-16T05:34:52.988Z] [LOG] 
处理第 75/87 个视频:
[2025-10-16T05:34:52.988Z] [LOG] 标题: 第163集  | 25.7.1号直播<<胄空形仙传>>(163) 水门一战(1)#风君子清风 #胄空形仙传 #故事 #宇宙 #修行
[2025-10-16T05:34:52.988Z] [LOG] 链接: www.douyin.com/video/7522331325894872363
[2025-10-16T05:34:52.988Z] [ERROR] 处理视频时出错 (第163集  | 25.7.1号直播<<胄空形仙传>>(163) 水门一战(1)#风君子清风 #胄空形仙传 #故事 #宇宙 #修行): Connection closed.
[2025-10-16T05:34:52.988Z] [LOG] 
处理第 76/87 个视频:
[2025-10-16T05:34:52.988Z] [LOG] 标题: 第164集  | 25.7.2号直播<<胄空形仙传>>(164)水门一战(2)#风君子清风 #胄空形仙传 #故事与酒 #宇宙的有趣我才不在意 #修行修心
[2025-10-16T05:34:52.988Z] [LOG] 链接: www.douyin.com/video/7522534344259308819
[2025-10-16T05:34:52.988Z] [ERROR] 处理视频时出错 (第164集  | 25.7.2号直播<<胄空形仙传>>(164)水门一战(2)#风君子清风 #胄空形仙传 #故事与酒 #宇宙的有趣我才不在意 #修行修心): Connection closed.
[2025-10-16T05:34:52.989Z] [LOG] 
处理第 77/87 个视频:
[2025-10-16T05:34:52.989Z] [LOG] 标题: 第165集  | 25.7.2号直播 修行散聊"胄空形仙传"名称的由来
[2025-10-16T05:34:52.989Z] [LOG] 链接: www.douyin.com/video/7522542536968228150
[2025-10-16T05:34:52.989Z] [ERROR] 处理视频时出错 (第165集  | 25.7.2号直播 修行散聊"胄空形仙传"名称的由来): Connection closed.
[2025-10-16T05:34:52.989Z] [LOG] 
处理第 78/87 个视频:
[2025-10-16T05:34:52.989Z] [LOG] 标题: 第166集  | 25.7.3号直播(1)<<胄空形仙传>>(165)"水门一战"(3) “水门开，万物落，月起，日升，雷击，光补，灵降，芽生，万物成”芽修传(19) "胄空形仙传"上部完...#风君子清风 #胄空形仙传 #修行 #地球诞生 #揭秘
[2025-10-16T05:34:52.989Z] [LOG] 链接: www.douyin.com/video/7523104210292985131
[2025-10-16T05:34:52.989Z] [ERROR] 处理视频时出错 (第166集  | 25.7.3号直播(1)<<胄空形仙传>>(165)"水门一战"(3) “水门开，万物落，月起，日升，雷击，光补，灵降，芽生，万物成”芽修传(19) "胄空形仙传"上部完...#风君子清风 #胄空形仙传 #修行 #地球诞生 #揭秘): Connection closed.
[2025-10-16T05:34:52.989Z] [LOG] 
处理第 79/87 个视频:
[2025-10-16T05:34:52.989Z] [LOG] 标题: 第167集  | 25.7.3号直播(2)<<胄空形仙传>>播后散聊,"胄空形仙传"上部完..但新的故事...等待我们探索...#风君子清风 #胄空形仙传 #修行修心 #修心 #揭秘
[2025-10-16T05:34:52.989Z] [LOG] 链接: www.douyin.com/video/7523095266426260778
[2025-10-16T05:34:52.989Z] [ERROR] 处理视频时出错 (第167集  | 25.7.3号直播(2)<<胄空形仙传>>播后散聊,"胄空形仙传"上部完..但新的故事...等待我们探索...#风君子清风 #胄空形仙传 #修行修心 #修心 #揭秘): Connection closed.
[2025-10-16T05:34:52.989Z] [LOG] 
处理第 80/87 个视频:
[2025-10-16T05:34:52.989Z] [LOG] 标题: 第168集  | 25.7.4号直播 <<胄空形仙传>>番外篇(一)#风君子清风 #修行 #揭秘 #宇宙 #胄空形仙传
[2025-10-16T05:34:52.989Z] [LOG] 链接: www.douyin.com/video/7523483265995476265
[2025-10-16T05:34:52.989Z] [ERROR] 处理视频时出错 (第168集  | 25.7.4号直播 <<胄空形仙传>>番外篇(一)#风君子清风 #修行 #揭秘 #宇宙 #胄空形仙传): Connection closed.
[2025-10-16T05:34:52.989Z] [LOG] 
处理第 81/87 个视频:
[2025-10-16T05:34:52.989Z] [LOG] 标题: 第169集  | 25.7.5号直播<<胄空形仙传>>番外篇(二) "梦修星坠地"#风君子清风 #胄空形仙传 #修行 #揭秘 #故事与酒
[2025-10-16T05:34:52.989Z] [LOG] 链接: www.douyin.com/video/7523857796631137572
[2025-10-16T05:34:52.989Z] [ERROR] 处理视频时出错 (第169集  | 25.7.5号直播<<胄空形仙传>>番外篇(二) "梦修星坠地"#风君子清风 #胄空形仙传 #修行 #揭秘 #故事与酒): Connection closed.
[2025-10-16T05:34:52.989Z] [LOG] 
处理第 82/87 个视频:
[2025-10-16T05:34:52.989Z] [LOG] 标题: 第170集  | 25.7.8号直播<<胄空形仙传>>第九十八集 "番外篇"(三) "胄空之阵""胄风初现"#风君子清风 #胄空形仙传 #修行 #宇宙
[2025-10-16T05:34:52.989Z] [LOG] 链接: www.douyin.com/video/7525038756118760740
[2025-10-16T05:34:52.989Z] [ERROR] 处理视频时出错 (第170集  | 25.7.8号直播<<胄空形仙传>>第九十八集 "番外篇"(三) "胄空之阵""胄风初现"#风君子清风 #胄空形仙传 #修行 #宇宙): Connection closed.
[2025-10-16T05:34:52.989Z] [LOG] 
处理第 83/87 个视频:
[2025-10-16T05:34:52.989Z] [LOG] 标题: 第171集  | 25.7.9号直播<<胄空形仙传>>"番外篇" (4) "神兵玄机 势廊之道 "知识延申:大祭司之战#风君子清风 #胄空形仙传 #大祭司 #神话 #远古
[2025-10-16T05:34:52.989Z] [LOG] 链接: www.douyin.com/video/7525129908947848511
[2025-10-16T05:34:52.989Z] [ERROR] 处理视频时出错 (第171集  | 25.7.9号直播<<胄空形仙传>>"番外篇" (4) "神兵玄机 势廊之道 "知识延申:大祭司之战#风君子清风 #胄空形仙传 #大祭司 #神话 #远古): Connection closed.
[2025-10-16T05:34:52.989Z] [LOG] 
处理第 84/87 个视频:
[2025-10-16T05:34:52.989Z] [LOG] 标题: 第172集  | 25.7.10号直播<<胄空形仙传>>#风君子清风 #胄空形仙传 #故事 #揭秘
[2025-10-16T05:34:52.989Z] [LOG] 链接: www.douyin.com/video/7525736208723430699
[2025-10-16T05:34:52.989Z] [ERROR] 处理视频时出错 (第172集  | 25.7.10号直播<<胄空形仙传>>#风君子清风 #胄空形仙传 #故事 #揭秘): Connection closed.
[2025-10-16T05:34:52.989Z] [LOG] 
处理第 85/87 个视频:
[2025-10-16T05:34:52.989Z] [LOG] 标题: 第173集  | 25.7.11号直播<<胄空形仙传>>"番外篇" (6)#风君子清风 #胄空形仙传 #修行 #揭秘 #故事
[2025-10-16T05:34:52.989Z] [LOG] 链接: www.douyin.com/video/7529933039338589492
[2025-10-16T05:34:52.989Z] [ERROR] 处理视频时出错 (第173集  | 25.7.11号直播<<胄空形仙传>>"番外篇" (6)#风君子清风 #胄空形仙传 #修行 #揭秘 #故事): Connection closed.
[2025-10-16T05:34:52.989Z] [LOG] 
处理第 86/87 个视频:
[2025-10-16T05:34:52.989Z] [LOG] 标题: 第174集  | 25.7.12号直播（1）《胄空形仙传》“番外篇”（7）#风君子清风 #揭秘揭秘揭秘 #故事 #修行 #胄空形仙传
[2025-10-16T05:34:52.989Z] [LOG] 链接: www.douyin.com/video/7526830350372457762
[2025-10-16T05:34:52.990Z] [ERROR] 处理视频时出错 (第174集  | 25.7.12号直播（1）《胄空形仙传》“番外篇”（7）#风君子清风 #揭秘揭秘揭秘 #故事 #修行 #胄空形仙传): Connection closed.
[2025-10-16T05:34:52.990Z] [LOG] 
处理第 87/87 个视频:
[2025-10-16T05:34:52.990Z] [LOG] 标题: 第175集  | 25.7.12号直播（2）《胄空形仙传》“番外篇”（7）#风君子清风 #揭秘揭秘揭秘 #故事 #修行 #胄空形仙传
[2025-10-16T05:34:52.990Z] [LOG] 链接: www.douyin.com/video/7526836411376798991
[2025-10-16T05:34:52.990Z] [ERROR] 处理视频时出错 (第175集  | 25.7.12号直播（2）《胄空形仙传》“番外篇”（7）#风君子清风 #揭秘揭秘揭秘 #故事 #修行 #胄空形仙传): Connection closed.
[2025-10-16T05:34:52.990Z] [LOG] 
所有视频处理完成！
[2025-10-16T05:34:53.508Z] [LOG] 
处理第 8/87 个视频:
[2025-10-16T05:34:53.509Z] [LOG] 标题: 第96集  | 4.17号直播(2)<<胄空形仙传>>第四十五集 "慈净溪脉"#西游记 #西游记续集 #风君子清风
[2025-10-16T05:34:53.509Z] [LOG] 链接: www.douyin.com/video/7494498678644673802
[2025-10-16T05:34:54.056Z] [LOG] {"name":"TargetCloseError","cause":{"name":"ProtocolError"}}
[2025-10-16T05:34:54.056Z] [ERROR] 获取视频链接失败 (www.douyin.com/video/7494498678644673802): Protocol error (Target.createTarget): Target closed
[2025-10-16T05:34:54.067Z] [LOG] ❌ 获取视频链接失败: 第96集  | 4.17号直播(2)<<胄空形仙传>>第四十五集 "慈净溪脉"#西游记 #西游记续集 #风君子清风
[2025-10-16T05:34:54.067Z] [LOG] 随机等待 5251ms 后处理下一个视频...
[2025-10-16T05:34:59.319Z] [LOG] 
处理第 9/87 个视频:
[2025-10-16T05:34:59.319Z] [LOG] 标题: 第97集  | 4.18号直播(1)<<胄空形仙传>>第四十六集(97) 慈净之主--"属 尘依"#西游记 #西游记续集 #风君子清风
[2025-10-16T05:34:59.319Z] [LOG] 链接: www.douyin.com/video/7494876886128987429
[2025-10-16T05:34:59.870Z] [LOG] {"name":"TargetCloseError","cause":{"name":"ProtocolError"}}
[2025-10-16T05:34:59.870Z] [ERROR] 获取视频链接失败 (www.douyin.com/video/7494876886128987429): Protocol error (Target.createTarget): Target closed
[2025-10-16T05:34:59.883Z] [LOG] ❌ 获取视频链接失败: 第97集  | 4.18号直播(1)<<胄空形仙传>>第四十六集(97) 慈净之主--"属 尘依"#西游记 #西游记续集 #风君子清风
[2025-10-16T05:34:59.883Z] [LOG] 随机等待 5318ms 后处理下一个视频...
[2025-10-16T05:35:05.203Z] [LOG] 
处理第 10/87 个视频:
[2025-10-16T05:35:05.203Z] [LOG] 标题: 第98集  | 4.18号直播(2)<<胄空形仙传>>第四十六集(98) 慈净之主--"属 尘依"#西游记 #西游记续集 #风君子清风
[2025-10-16T05:35:05.204Z] [LOG] 链接: www.douyin.com/video/7500223136114183435
[2025-10-16T05:35:05.797Z] [LOG] {"name":"TargetCloseError","cause":{"name":"ProtocolError"}}
[2025-10-16T05:35:05.797Z] [ERROR] 获取视频链接失败 (www.douyin.com/video/7500223136114183435): Protocol error (Target.createTarget): Target closed
[2025-10-16T05:35:05.802Z] [LOG] ❌ 获取视频链接失败: 第98集  | 4.18号直播(2)<<胄空形仙传>>第四十六集(98) 慈净之主--"属 尘依"#西游记 #西游记续集 #风君子清风
[2025-10-16T05:35:05.802Z] [LOG] 随机等待 3571ms 后处理下一个视频...
[2025-10-16T05:35:09.375Z] [LOG] 
处理第 11/87 个视频:
[2025-10-16T05:35:09.376Z] [LOG] 标题: 第99集  | 4.19号直播(1)<<胄空形仙传>>(99)第四十七集 众神战异魔篇#西游记 #西游记续集 #风君子清风
[2025-10-16T05:35:09.376Z] [LOG] 链接: www.douyin.com/video/7495259716411575579
[2025-10-16T05:35:10.092Z] [LOG] {"name":"TargetCloseError","cause":{"name":"ProtocolError"}}
[2025-10-16T05:35:10.092Z] [ERROR] 获取视频链接失败 (www.douyin.com/video/7495259716411575579): Protocol error (Target.createTarget): Target closed
[2025-10-16T05:35:10.098Z] [LOG] ❌ 获取视频链接失败: 第99集  | 4.19号直播(1)<<胄空形仙传>>(99)第四十七集 众神战异魔篇#西游记 #西游记续集 #风君子清风
[2025-10-16T05:35:10.098Z] [LOG] 随机等待 7489ms 后处理下一个视频...
[2025-10-16T05:35:17.589Z] [LOG] 
处理第 12/87 个视频:
[2025-10-16T05:35:17.589Z] [LOG] 标题: 第100集  | 4.19号直播(2)<<胄空形仙传>>(100)第四十七集 众神战异魔篇#西游记 #西游记续集 #风君子清风
[2025-10-16T05:35:17.589Z] [LOG] 链接: www.douyin.com/video/7495262041104551206
[2025-10-16T05:35:18.168Z] [LOG] {"name":"TargetCloseError","cause":{"name":"ProtocolError"}}
[2025-10-16T05:35:18.168Z] [ERROR] 获取视频链接失败 (www.douyin.com/video/7495262041104551206): Protocol error (Target.createTarget): Target closed
[2025-10-16T05:35:18.174Z] [LOG] ❌ 获取视频链接失败: 第100集  | 4.19号直播(2)<<胄空形仙传>>(100)第四十七集 众神战异魔篇#西游记 #西游记续集 #风君子清风
[2025-10-16T05:35:18.174Z] [LOG] 随机等待 5355ms 后处理下一个视频...
[2025-10-16T05:35:23.531Z] [LOG] 
处理第 13/87 个视频:
[2025-10-16T05:35:23.531Z] [LOG] 标题: 第101集  | 4.22号直播（1）《胄空形仙传》第四十八集 冷翟一族 道光初开，道光已成
[2025-10-16T05:35:23.531Z] [LOG] 链接: www.douyin.com/video/7496351417730649384
[2025-10-16T05:35:24.086Z] [LOG] {"name":"TargetCloseError","cause":{"name":"ProtocolError"}}
[2025-10-16T05:35:24.086Z] [ERROR] 获取视频链接失败 (www.douyin.com/video/7496351417730649384): Protocol error (Target.createTarget): Target closed
[2025-10-16T05:35:24.092Z] [LOG] ❌ 获取视频链接失败: 第101集  | 4.22号直播（1）《胄空形仙传》第四十八集 冷翟一族 道光初开，道光已成
[2025-10-16T05:35:24.092Z] [LOG] 随机等待 3140ms 后处理下一个视频...
[2025-10-16T05:35:27.234Z] [LOG] 
处理第 14/87 个视频:
[2025-10-16T05:35:27.234Z] [LOG] 标题: 第102集  | 4.22号直播（2）《胄空形仙传》第四十八集 冷翟一族 道光初开，道光已成
[2025-10-16T05:35:27.234Z] [LOG] 链接: www.douyin.com/video/7496354908413791488
[2025-10-16T05:35:27.775Z] [LOG] {"name":"TargetCloseError","cause":{"name":"ProtocolError"}}
[2025-10-16T05:35:27.775Z] [ERROR] 获取视频链接失败 (www.douyin.com/video/7496354908413791488): Protocol error (Target.createTarget): Target closed
[2025-10-16T05:35:27.780Z] [LOG] ❌ 获取视频链接失败: 第102集  | 4.22号直播（2）《胄空形仙传》第四十八集 冷翟一族 道光初开，道光已成
[2025-10-16T05:35:27.780Z] [LOG] 随机等待 6502ms 后处理下一个视频...
[2025-10-16T05:35:34.284Z] [LOG] 
处理第 15/87 个视频:
[2025-10-16T05:35:34.284Z] [LOG] 标题: 第103集  | 4.23号直播（1）《胄空形仙传》 红稀狼#风君子清风 #西游记
[2025-10-16T05:35:34.284Z] [LOG] 链接: www.douyin.com/video/7496901570710703400
[2025-10-16T05:35:34.846Z] [LOG] {"name":"TargetCloseError","cause":{"name":"ProtocolError"}}
[2025-10-16T05:35:34.846Z] [ERROR] 获取视频链接失败 (www.douyin.com/video/7496901570710703400): Protocol error (Target.createTarget): Target closed
[2025-10-16T05:35:34.853Z] [LOG] ❌ 获取视频链接失败: 第103集  | 4.23号直播（1）《胄空形仙传》 红稀狼#风君子清风 #西游记
[2025-10-16T05:35:34.853Z] [LOG] 随机等待 4927ms 后处理下一个视频...
[2025-10-16T05:35:39.782Z] [LOG] 
处理第 16/87 个视频:
[2025-10-16T05:35:39.782Z] [LOG] 标题: 第104集  | 4.23号直播（2）《胄空形仙传》 红稀狼#风君子清风 #西游记
[2025-10-16T05:35:39.783Z] [LOG] 链接: www.douyin.com/video/7496911131174735156
[2025-10-16T05:35:40.384Z] [LOG] {"name":"TargetCloseError","cause":{"name":"ProtocolError"}}
[2025-10-16T05:35:40.384Z] [ERROR] 获取视频链接失败 (www.douyin.com/video/7496911131174735156): Protocol error (Target.createTarget): Target closed
[2025-10-16T05:35:40.389Z] [LOG] ❌ 获取视频链接失败: 第104集  | 4.23号直播（2）《胄空形仙传》 红稀狼#风君子清风 #西游记
[2025-10-16T05:35:40.389Z] [LOG] 随机等待 4770ms 后处理下一个视频...
[2025-10-16T05:35:45.160Z] [LOG] 
处理第 17/87 个视频:
[2025-10-16T05:35:45.160Z] [LOG] 标题: 第105集  | 4.24号直播（1）《胄空形仙传》第五十集 篪星引爆 宇宙重生#风君子清风 #修行修心 #西游记 #故事
[2025-10-16T05:35:45.160Z] [LOG] 链接: www.douyin.com/video/7497082995778768180
[2025-10-16T05:35:45.650Z] [LOG] 脚本开始执行...
[2025-10-16T05:35:45.650Z] [LOG] 开始处理视频下载任务...
[2025-10-16T05:35:45.821Z] [LOG] {"name":"TargetCloseError","cause":{"name":"ProtocolError"}}
[2025-10-16T05:35:45.821Z] [ERROR] 获取视频链接失败 (www.douyin.com/video/7497082995778768180): Protocol error (Target.createTarget): Target closed
[2025-10-16T05:35:45.851Z] [LOG] ❌ 获取视频链接失败: 第105集  | 4.24号直播（1）《胄空形仙传》第五十集 篪星引爆 宇宙重生#风君子清风 #修行修心 #西游记 #故事
[2025-10-16T05:35:45.851Z] [LOG] 随机等待 7686ms 后处理下一个视频...
[2025-10-16T05:35:45.970Z] [LOG] 找到 87 个视频需要处理
[2025-10-16T05:35:45.970Z] [LOG] 
处理第 1/87 个视频:
[2025-10-16T05:35:45.970Z] [LOG] 标题: 第89集  | 4.10号直播(1)<<胄空形仙传>>第四十二集 刻之战终章(12)#西游记 #风君子清风
[2025-10-16T05:35:45.970Z] [LOG] 链接: www.douyin.com/video/7491904035654470924
[2025-10-16T05:35:46.212Z] [ERROR] 处理视频时出错 (第89集  | 4.10号直播(1)<<胄空形仙传>>第四十二集 刻之战终章(12)#西游记 #风君子清风): Protocol error (Target.createTarget): Target closed
[2025-10-16T05:35:46.212Z] [LOG] 
处理第 2/87 个视频:
[2025-10-16T05:35:46.212Z] [LOG] 标题: 第90集  | 4.10号直播(2)<<胄空形仙传>>第四十二集 刻之战终章(12)#西游记 #风君子清风
[2025-10-16T05:35:46.212Z] [LOG] 链接: www.douyin.com/video/7491912223003118867
[2025-10-16T05:35:46.212Z] [ERROR] 处理视频时出错 (第90集  | 4.10号直播(2)<<胄空形仙传>>第四十二集 刻之战终章(12)#西游记 #风君子清风): Connection closed.
[2025-10-16T05:35:46.212Z] [LOG] 
处理第 3/87 个视频:
[2025-10-16T05:35:46.212Z] [LOG] 标题: 第91集  | 4.11号直播(1)<<胄空形仙传>>(91)第四十三集 刻之战解读#西游记 #风君子清风
[2025-10-16T05:35:46.212Z] [LOG] 链接: www.douyin.com/video/7492277255419219239
[2025-10-16T05:35:46.212Z] [ERROR] 处理视频时出错 (第91集  | 4.11号直播(1)<<胄空形仙传>>(91)第四十三集 刻之战解读#西游记 #风君子清风): Connection closed.
[2025-10-16T05:35:46.212Z] [LOG] 
处理第 4/87 个视频:
[2025-10-16T05:35:46.212Z] [LOG] 标题: 第92集  | 4.11号直播(2)<<胄空形仙传>>(92)第四十三集 刻之战解读 #西游记 #风君子清风
[2025-10-16T05:35:46.212Z] [LOG] 链接: www.douyin.com/video/7493422438638685449
[2025-10-16T05:35:46.212Z] [ERROR] 处理视频时出错 (第92集  | 4.11号直播(2)<<胄空形仙传>>(92)第四十三集 刻之战解读 #西游记 #风君子清风): Connection closed.
[2025-10-16T05:35:46.213Z] [LOG] 
处理第 5/87 个视频:
[2025-10-16T05:35:46.213Z] [LOG] 标题: 第93集  | 4.16号直播(1)<<胄空形仙传>>第四十四集 "引渡实验创大千"#西游记 #风君子清风
[2025-10-16T05:35:46.213Z] [LOG] 链接: www.douyin.com/video/7494118299706346790
[2025-10-16T05:35:46.213Z] [ERROR] 处理视频时出错 (第93集  | 4.16号直播(1)<<胄空形仙传>>第四十四集 "引渡实验创大千"#西游记 #风君子清风): Connection closed.
[2025-10-16T05:35:46.213Z] [LOG] 
处理第 6/87 个视频:
[2025-10-16T05:35:46.213Z] [LOG] 标题: 第94集  | 4.16号直播(2)<<胄空形仙传>>第四十四集 "引渡实验创大千"#西游记 #风君子清风
[2025-10-16T05:35:46.213Z] [LOG] 链接: www.douyin.com/video/7494124263436324105
[2025-10-16T05:35:46.213Z] [ERROR] 处理视频时出错 (第94集  | 4.16号直播(2)<<胄空形仙传>>第四十四集 "引渡实验创大千"#西游记 #风君子清风): Connection closed.
[2025-10-16T05:35:46.213Z] [LOG] 
处理第 7/87 个视频:
[2025-10-16T05:35:46.213Z] [LOG] 标题: 第95集  | 4.17号直播(1)<<胄空形仙传>>(95)第四十五集 '慈净溪脉"#西游记 #风君子清风
[2025-10-16T05:35:46.213Z] [LOG] 链接: www.douyin.com/video/7494494836913900826
[2025-10-16T05:35:46.213Z] [ERROR] 处理视频时出错 (第95集  | 4.17号直播(1)<<胄空形仙传>>(95)第四十五集 '慈净溪脉"#西游记 #风君子清风): Connection closed.
[2025-10-16T05:35:46.213Z] [LOG] 
处理第 8/87 个视频:
[2025-10-16T05:35:46.213Z] [LOG] 标题: 第96集  | 4.17号直播(2)<<胄空形仙传>>第四十五集 "慈净溪脉"#西游记 #西游记续集 #风君子清风
[2025-10-16T05:35:46.213Z] [LOG] 链接: www.douyin.com/video/7494498678644673802
[2025-10-16T05:35:46.213Z] [ERROR] 处理视频时出错 (第96集  | 4.17号直播(2)<<胄空形仙传>>第四十五集 "慈净溪脉"#西游记 #西游记续集 #风君子清风): Connection closed.
[2025-10-16T05:35:46.213Z] [LOG] 
处理第 9/87 个视频:
[2025-10-16T05:35:46.213Z] [LOG] 标题: 第97集  | 4.18号直播(1)<<胄空形仙传>>第四十六集(97) 慈净之主--"属 尘依"#西游记 #西游记续集 #风君子清风
[2025-10-16T05:35:46.213Z] [LOG] 链接: www.douyin.com/video/7494876886128987429
[2025-10-16T05:35:46.213Z] [ERROR] 处理视频时出错 (第97集  | 4.18号直播(1)<<胄空形仙传>>第四十六集(97) 慈净之主--"属 尘依"#西游记 #西游记续集 #风君子清风): Connection closed.
[2025-10-16T05:35:46.213Z] [LOG] 
处理第 10/87 个视频:
[2025-10-16T05:35:46.213Z] [LOG] 标题: 第98集  | 4.18号直播(2)<<胄空形仙传>>第四十六集(98) 慈净之主--"属 尘依"#西游记 #西游记续集 #风君子清风
[2025-10-16T05:35:46.213Z] [LOG] 链接: www.douyin.com/video/7500223136114183435
[2025-10-16T05:35:46.213Z] [ERROR] 处理视频时出错 (第98集  | 4.18号直播(2)<<胄空形仙传>>第四十六集(98) 慈净之主--"属 尘依"#西游记 #西游记续集 #风君子清风): Connection closed.
[2025-10-16T05:35:46.213Z] [LOG] 
处理第 11/87 个视频:
[2025-10-16T05:35:46.213Z] [LOG] 标题: 第99集  | 4.19号直播(1)<<胄空形仙传>>(99)第四十七集 众神战异魔篇#西游记 #西游记续集 #风君子清风
[2025-10-16T05:35:46.213Z] [LOG] 链接: www.douyin.com/video/7495259716411575579
[2025-10-16T05:35:46.213Z] [ERROR] 处理视频时出错 (第99集  | 4.19号直播(1)<<胄空形仙传>>(99)第四十七集 众神战异魔篇#西游记 #西游记续集 #风君子清风): Connection closed.
[2025-10-16T05:35:46.213Z] [LOG] 
处理第 12/87 个视频:
[2025-10-16T05:35:46.213Z] [LOG] 标题: 第100集  | 4.19号直播(2)<<胄空形仙传>>(100)第四十七集 众神战异魔篇#西游记 #西游记续集 #风君子清风
[2025-10-16T05:35:46.213Z] [LOG] 链接: www.douyin.com/video/7495262041104551206
[2025-10-16T05:35:46.213Z] [ERROR] 处理视频时出错 (第100集  | 4.19号直播(2)<<胄空形仙传>>(100)第四十七集 众神战异魔篇#西游记 #西游记续集 #风君子清风): Connection closed.
[2025-10-16T05:35:46.213Z] [LOG] 
处理第 13/87 个视频:
[2025-10-16T05:35:46.213Z] [LOG] 标题: 第101集  | 4.22号直播（1）《胄空形仙传》第四十八集 冷翟一族 道光初开，道光已成
[2025-10-16T05:35:46.213Z] [LOG] 链接: www.douyin.com/video/7496351417730649384
[2025-10-16T05:35:46.213Z] [ERROR] 处理视频时出错 (第101集  | 4.22号直播（1）《胄空形仙传》第四十八集 冷翟一族 道光初开，道光已成): Connection closed.
[2025-10-16T05:35:46.213Z] [LOG] 
处理第 14/87 个视频:
[2025-10-16T05:35:46.214Z] [LOG] 标题: 第102集  | 4.22号直播（2）《胄空形仙传》第四十八集 冷翟一族 道光初开，道光已成
[2025-10-16T05:35:46.214Z] [LOG] 链接: www.douyin.com/video/7496354908413791488
[2025-10-16T05:35:46.214Z] [ERROR] 处理视频时出错 (第102集  | 4.22号直播（2）《胄空形仙传》第四十八集 冷翟一族 道光初开，道光已成): Connection closed.
[2025-10-16T05:35:46.214Z] [LOG] 
处理第 15/87 个视频:
[2025-10-16T05:35:46.214Z] [LOG] 标题: 第103集  | 4.23号直播（1）《胄空形仙传》 红稀狼#风君子清风 #西游记
[2025-10-16T05:35:46.214Z] [LOG] 链接: www.douyin.com/video/7496901570710703400
[2025-10-16T05:35:46.214Z] [ERROR] 处理视频时出错 (第103集  | 4.23号直播（1）《胄空形仙传》 红稀狼#风君子清风 #西游记): Connection closed.
[2025-10-16T05:35:46.214Z] [LOG] 
处理第 16/87 个视频:
[2025-10-16T05:35:46.214Z] [LOG] 标题: 第104集  | 4.23号直播（2）《胄空形仙传》 红稀狼#风君子清风 #西游记
[2025-10-16T05:35:46.214Z] [LOG] 链接: www.douyin.com/video/7496911131174735156
[2025-10-16T05:35:46.214Z] [ERROR] 处理视频时出错 (第104集  | 4.23号直播（2）《胄空形仙传》 红稀狼#风君子清风 #西游记): Connection closed.
[2025-10-16T05:35:46.214Z] [LOG] 
处理第 17/87 个视频:
[2025-10-16T05:35:46.214Z] [LOG] 标题: 第105集  | 4.24号直播（1）《胄空形仙传》第五十集 篪星引爆 宇宙重生#风君子清风 #修行修心 #西游记 #故事
[2025-10-16T05:35:46.214Z] [LOG] 链接: www.douyin.com/video/7497082995778768180
[2025-10-16T05:35:46.214Z] [ERROR] 处理视频时出错 (第105集  | 4.24号直播（1）《胄空形仙传》第五十集 篪星引爆 宇宙重生#风君子清风 #修行修心 #西游记 #故事): Connection closed.
[2025-10-16T05:35:46.214Z] [LOG] 
处理第 18/87 个视频:
[2025-10-16T05:35:46.214Z] [LOG] 标题: 第106集  | 4.24号直播（2）《胄空形仙传》第五十集 篪星引爆 宇宙重生#风君子清风 #修行修心 #西游记 #故事
[2025-10-16T05:35:46.214Z] [LOG] 链接: www.douyin.com/video/7497087547412909352
[2025-10-16T05:35:46.214Z] [ERROR] 处理视频时出错 (第106集  | 4.24号直播（2）《胄空形仙传》第五十集 篪星引爆 宇宙重生#风君子清风 #修行修心 #西游记 #故事): Connection closed.
[2025-10-16T05:35:46.214Z] [LOG] 
处理第 19/87 个视频:
[2025-10-16T05:35:46.214Z] [LOG] 标题: 第107集  | 4.25号直播(1)<<胄空形仙传>>(107) 雷武一族#西游记 #风君子清风 #修心修行 #西游记续集
[2025-10-16T05:35:46.214Z] [LOG] 链接: www.douyin.com/video/7497484310308490535
[2025-10-16T05:35:46.214Z] [ERROR] 处理视频时出错 (第107集  | 4.25号直播(1)<<胄空形仙传>>(107) 雷武一族#西游记 #风君子清风 #修心修行 #西游记续集): Connection closed.
[2025-10-16T05:35:46.214Z] [LOG] 
处理第 20/87 个视频:
[2025-10-16T05:35:46.214Z] [LOG] 标题: 第108集  | 4.25号直播(2)<<胄空形仙传>>(108) 雷武一族#西游记 #风君子清风 #修心修行 #西游记续集
[2025-10-16T05:35:46.214Z] [LOG] 链接: www.douyin.com/video/7497489398322253068
[2025-10-16T05:35:46.214Z] [ERROR] 处理视频时出错 (第108集  | 4.25号直播(2)<<胄空形仙传>>(108) 雷武一族#西游记 #风君子清风 #修心修行 #西游记续集): Connection closed.
[2025-10-16T05:35:46.214Z] [LOG] 
处理第 21/87 个视频:
[2025-10-16T05:35:46.214Z] [LOG] 标题: 第109集  | 4.26号直播（1）《胄空形仙传》（109）黑火脉界#西游记 #西游记续集 #风君子清风
[2025-10-16T05:35:46.214Z] [LOG] 链接: www.douyin.com/video/7497818340758113536
[2025-10-16T05:35:46.214Z] [ERROR] 处理视频时出错 (第109集  | 4.26号直播（1）《胄空形仙传》（109）黑火脉界#西游记 #西游记续集 #风君子清风): Connection closed.
[2025-10-16T05:35:46.214Z] [LOG] 
处理第 22/87 个视频:
[2025-10-16T05:35:46.214Z] [LOG] 标题: 第110集  | 4.26号直播（2）《胄空形仙传》（110）黑火脉界#西游记 #西游记续集 #风君子清风
[2025-10-16T05:35:46.214Z] [LOG] 链接: www.douyin.com/video/7497822229586889984
[2025-10-16T05:35:46.214Z] [ERROR] 处理视频时出错 (第110集  | 4.26号直播（2）《胄空形仙传》（110）黑火脉界#西游记 #西游记续集 #风君子清风): Connection closed.
[2025-10-16T05:35:46.214Z] [LOG] 
处理第 23/87 个视频:
[2025-10-16T05:35:46.214Z] [LOG] 标题: 第111集  | 4.30号直播（1）《胄空形仙传》（111）神魔两族诞生#西游记 #西游记续集 #风君子清风直播
[2025-10-16T05:35:46.214Z] [LOG] 链接: www.douyin.com/video/7498932709335895331
[2025-10-16T05:35:46.214Z] [ERROR] 处理视频时出错 (第111集  | 4.30号直播（1）《胄空形仙传》（111）神魔两族诞生#西游记 #西游记续集 #风君子清风直播): Connection closed.
[2025-10-16T05:35:46.214Z] [LOG] 
处理第 24/87 个视频:
[2025-10-16T05:35:46.214Z] [LOG] 标题: 第112集  | 4.30号直播（2）《胄空形仙传》（112）神魔两族诞生#西游记 #西游记续集 #风君子清风直播
[2025-10-16T05:35:46.214Z] [LOG] 链接: www.douyin.com/video/7498934396288912674
[2025-10-16T05:35:46.214Z] [ERROR] 处理视频时出错 (第112集  | 4.30号直播（2）《胄空形仙传》（112）神魔两族诞生#西游记 #西游记续集 #风君子清风直播): Connection closed.
[2025-10-16T05:35:46.214Z] [LOG] 
处理第 25/87 个视频:
[2025-10-16T05:35:46.214Z] [LOG] 标题: 第113集  | 4.30号直播(1)<<胄空形仙传>>(113)"平渡之域" 四类魂:兽魂 灵能 源魂 恒魂#西游记 #风君子清风
[2025-10-16T05:35:46.214Z] [LOG] 链接: www.douyin.com/video/7499303892883131711
[2025-10-16T05:35:46.214Z] [ERROR] 处理视频时出错 (第113集  | 4.30号直播(1)<<胄空形仙传>>(113)"平渡之域" 四类魂:兽魂 灵能 源魂 恒魂#西游记 #风君子清风): Connection closed.
[2025-10-16T05:35:46.214Z] [LOG] 
处理第 26/87 个视频:
[2025-10-16T05:35:46.214Z] [LOG] 标题: 第114集  | 4.30号直播(2)<<胄空形仙传>>(114)"平渡之域"（1） 四类魂:兽魂 灵能 源魂 恒魂 #西游记   #风君子清风
[2025-10-16T05:35:46.214Z] [LOG] 链接: www.douyin.com/video/7499307083473440054
[2025-10-16T05:35:46.214Z] [ERROR] 处理视频时出错 (第114集  | 4.30号直播(2)<<胄空形仙传>>(114)"平渡之域"（1） 四类魂:兽魂 灵能 源魂 恒魂 #西游记   #风君子清风): Connection closed.
[2025-10-16T05:35:46.214Z] [LOG] 
处理第 27/87 个视频:
[2025-10-16T05:35:46.214Z] [LOG] 标题: 第115集  | 5.6号直播（1）《胄空形仙传》（115）“平渡之域”（2）#西游记 #西游 #风君子清风
[2025-10-16T05:35:46.214Z] [LOG] 链接: www.douyin.com/video/7501545788955888931
[2025-10-16T05:35:46.214Z] [ERROR] 处理视频时出错 (第115集  | 5.6号直播（1）《胄空形仙传》（115）“平渡之域”（2）#西游记 #西游 #风君子清风): Connection closed.
[2025-10-16T05:35:46.214Z] [LOG] 
处理第 28/87 个视频:
[2025-10-16T05:35:46.214Z] [LOG] 标题: 第116集  | 5.6号直播（2）《胄空形仙传》（116）“平渡之域”（2）#西游记 #西游 #风君子清风
[2025-10-16T05:35:46.214Z] [LOG] 链接: www.douyin.com/video/7501548021584661794
[2025-10-16T05:35:46.214Z] [ERROR] 处理视频时出错 (第116集  | 5.6号直播（2）《胄空形仙传》（116）“平渡之域”（2）#西游记 #西游 #风君子清风): Connection closed.
[2025-10-16T05:35:46.214Z] [LOG] 
处理第 29/87 个视频:
[2025-10-16T05:35:46.214Z] [LOG] 标题: 第117集  | 5.7号直播（1）《胄空形仙传》（117）“平渡世界”（3）引渡：何为“渡”#西游 #西游记 #风君子清风
[2025-10-16T05:35:46.214Z] [LOG] 链接: www.douyin.com/video/7501949356996562228
[2025-10-16T05:35:46.214Z] [ERROR] 处理视频时出错 (第117集  | 5.7号直播（1）《胄空形仙传》（117）“平渡世界”（3）引渡：何为“渡”#西游 #西游记 #风君子清风): Connection closed.
[2025-10-16T05:35:46.214Z] [LOG] 
处理第 30/87 个视频:
[2025-10-16T05:35:46.214Z] [LOG] 标题: 第118集  | 5.7号直播（2）《胄空形仙传》（118）“平渡世界”（3）引渡：何为“渡”#西游 #西游记 #风君子清风
[2025-10-16T05:35:46.214Z] [LOG] 链接: www.douyin.com/video/7501950836843908387
[2025-10-16T05:35:46.214Z] [ERROR] 处理视频时出错 (第118集  | 5.7号直播（2）《胄空形仙传》（118）“平渡世界”（3）引渡：何为“渡”#西游 #西游记 #风君子清风): Connection closed.
[2025-10-16T05:35:46.214Z] [LOG] 
处理第 31/87 个视频:
[2025-10-16T05:35:46.214Z] [LOG] 标题: 第119集  | 5.8号直播（1）《胄空形仙传》（119）“平渡之域”（4）鬓界 （2）何为“渡”，如何“渡”#西游记  #风君子清风 #修行之路 #轮回 #地府
[2025-10-16T05:35:46.214Z] [LOG] 链接: www.douyin.com/video/7502310091027418403
[2025-10-16T05:35:46.214Z] [ERROR] 处理视频时出错 (第119集  | 5.8号直播（1）《胄空形仙传》（119）“平渡之域”（4）鬓界 （2）何为“渡”，如何“渡”#西游记  #风君子清风 #修行之路 #轮回 #地府): Connection closed.
[2025-10-16T05:35:46.214Z] [LOG] 
处理第 32/87 个视频:
[2025-10-16T05:35:46.214Z] [LOG] 标题: 第120集  | 5.8号直播（2）《胄空形仙传》（120）“平渡之域”（4）鬓界 （2）何为“渡”，如何“渡”#西游记  #风君子清风 #修行之路 #轮回 #地府
[2025-10-16T05:35:46.214Z] [LOG] 链接: www.douyin.com/video/7502312737210551567
[2025-10-16T05:35:46.214Z] [ERROR] 处理视频时出错 (第120集  | 5.8号直播（2）《胄空形仙传》（120）“平渡之域”（4）鬓界 （2）何为“渡”，如何“渡”#西游记  #风君子清风 #修行之路 #轮回 #地府): Connection closed.
[2025-10-16T05:35:46.214Z] [LOG] 
处理第 33/87 个视频:
[2025-10-16T05:35:46.214Z] [LOG] 标题: 第121集  | 5.9号直播（1）《胄空形仙传》（121）“平渡之域”（5）平渡释神篇#修行 #西游记 #西游 #风君子清风
[2025-10-16T05:35:46.214Z] [LOG] 链接: www.douyin.com/video/7502673025349111092
[2025-10-16T05:35:46.214Z] [ERROR] 处理视频时出错 (第121集  | 5.9号直播（1）《胄空形仙传》（121）“平渡之域”（5）平渡释神篇#修行 #西游记 #西游 #风君子清风): Connection closed.
[2025-10-16T05:35:46.214Z] [LOG] 
处理第 34/87 个视频:
[2025-10-16T05:35:46.214Z] [LOG] 标题: 第122集  | 5.9号直播（2）《胄空形仙传》（121）“平渡之域”（5）平渡释神篇#修行 #西游记 #西游 #风君子清风
[2025-10-16T05:35:46.214Z] [LOG] 链接: www.douyin.com/video/7502674012405976372
[2025-10-16T05:35:46.214Z] [ERROR] 处理视频时出错 (第122集  | 5.9号直播（2）《胄空形仙传》（121）“平渡之域”（5）平渡释神篇#修行 #西游记 #西游 #风君子清风): Connection closed.
[2025-10-16T05:35:46.214Z] [LOG] 
处理第 35/87 个视频:
[2025-10-16T05:35:46.214Z] [LOG] 标题: 第123集  | 25.5.10号直播(1)<<胄空形仙传>>(123)"平渡之域" 鬓闩之主篇#风君子清风 #西游 #西游记 #故事与酒
[2025-10-16T05:35:46.215Z] [LOG] 链接: www.douyin.com/video/7503049397920451859
[2025-10-16T05:35:46.215Z] [ERROR] 处理视频时出错 (第123集  | 25.5.10号直播(1)<<胄空形仙传>>(123)"平渡之域" 鬓闩之主篇#风君子清风 #西游 #西游记 #故事与酒): Connection closed.
[2025-10-16T05:35:46.215Z] [LOG] 
处理第 36/87 个视频:
[2025-10-16T05:35:46.215Z] [LOG] 标题: 第124集  | 25.5.10号直播(1)<<胄空形仙传>>(123)"平渡之域" 鬓闩之主篇 #风君子清风    #西游记    #西游    #故事与酒
[2025-10-16T05:35:46.215Z] [LOG] 链接: www.douyin.com/video/7503054252172971327
[2025-10-16T05:35:46.215Z] [ERROR] 处理视频时出错 (第124集  | 25.5.10号直播(1)<<胄空形仙传>>(123)"平渡之域" 鬓闩之主篇 #风君子清风    #西游记    #西游    #故事与酒): Connection closed.
[2025-10-16T05:35:46.215Z] [LOG] 
处理第 37/87 个视频:
[2025-10-16T05:35:46.215Z] [LOG] 标题: 第125集  | 25.5.13号直播（2）《胄空形仙传》（125）魂泉，权环帝#西游 #西游记 #风君子清风 #胄空形仙传 #故事
[2025-10-16T05:35:46.215Z] [LOG] 链接: www.douyin.com/video/7504180786577919232
[2025-10-16T05:35:46.215Z] [ERROR] 处理视频时出错 (第125集  | 25.5.13号直播（2）《胄空形仙传》（125）魂泉，权环帝#西游 #西游记 #风君子清风 #胄空形仙传 #故事): Connection closed.
[2025-10-16T05:35:46.215Z] [LOG] 
处理第 38/87 个视频:
[2025-10-16T05:35:46.215Z] [LOG] 标题: 第126集  | 25.5.14号直播（1）《胄空形仙传》（126）第六十四集 怒篪：你是否生怒生怨生恨#胄空行仙传 #风君子清风 #故事 #西游 #西游记
[2025-10-16T05:35:46.215Z] [LOG] 链接: www.douyin.com/video/7504541020257455395
[2025-10-16T05:35:46.215Z] [ERROR] 处理视频时出错 (第126集  | 25.5.14号直播（1）《胄空形仙传》（126）第六十四集 怒篪：你是否生怒生怨生恨#胄空行仙传 #风君子清风 #故事 #西游 #西游记): Connection closed.
[2025-10-16T05:35:46.215Z] [LOG] 
处理第 39/87 个视频:
[2025-10-16T05:35:46.215Z] [LOG] 标题: 第127集  | 25.5.14号直播（3）《胄空形仙传》（127）第六十四集 怒篪：你是否生怒生怨生恨#胄空行仙传 #风君子清风 #故事 #西游 #西游记
[2025-10-16T05:35:46.215Z] [LOG] 链接: www.douyin.com/video/7504541708215766324
[2025-10-16T05:35:46.215Z] [ERROR] 处理视频时出错 (第127集  | 25.5.14号直播（3）《胄空形仙传》（127）第六十四集 怒篪：你是否生怒生怨生恨#胄空行仙传 #风君子清风 #故事 #西游 #西游记): Connection closed.
[2025-10-16T05:35:46.215Z] [LOG] 
处理第 40/87 个视频:
[2025-10-16T05:35:46.215Z] [LOG] 标题: 第128集  | 25.5.15号直播（1）《胄空行仙传》（128）第六十四集，青牙引平渡#风君子清风 #西游 #西游记 #故事 #故事与酒
[2025-10-16T05:35:46.215Z] [LOG] 链接: www.douyin.com/video/7504926476757339444
[2025-10-16T05:35:46.215Z] [ERROR] 处理视频时出错 (第128集  | 25.5.15号直播（1）《胄空行仙传》（128）第六十四集，青牙引平渡#风君子清风 #西游 #西游记 #故事 #故事与酒): Connection closed.
[2025-10-16T05:35:46.215Z] [LOG] 
处理第 41/87 个视频:
[2025-10-16T05:35:46.215Z] [LOG] 标题: 第129集  | 25.5.15号直播（2）《胄空行仙传》（129）第六十四集，青牙引平渡#风君子清风 #西游 #西游记 #故事 #故事与酒
[2025-10-16T05:35:46.215Z] [LOG] 链接: www.douyin.com/video/7504929176140123426
[2025-10-16T05:35:46.215Z] [ERROR] 处理视频时出错 (第129集  | 25.5.15号直播（2）《胄空行仙传》（129）第六十四集，青牙引平渡#风君子清风 #西游 #西游记 #故事 #故事与酒): Connection closed.
[2025-10-16T05:35:46.215Z] [LOG] 
处理第 42/87 个视频:
[2025-10-16T05:35:46.215Z] [LOG] 标题: 第130集  | 25.5.16号直播<<胄空形仙传>>(130)第六十五集引渡魂盘推演 ,何为"触法"#西游 #西游记 #风君子清风 #胄空形仙传 #故事与酒
[2025-10-16T05:35:46.215Z] [LOG] 链接: www.douyin.com/video/7505265264229961011
[2025-10-16T05:35:46.215Z] [ERROR] 处理视频时出错 (第130集  | 25.5.16号直播<<胄空形仙传>>(130)第六十五集引渡魂盘推演 ,何为"触法"#西游 #西游记 #风君子清风 #胄空形仙传 #故事与酒): Connection closed.
[2025-10-16T05:35:46.215Z] [LOG] 
处理第 43/87 个视频:
[2025-10-16T05:35:46.215Z] [LOG] 标题: 第131集  | 25.5.17号直播<<胄空形仙传>>(131) 第六十六集 天界系统诞生: 道廓--道理 天部--天轮 魂系--魂启 动--律 频--调
[2025-10-16T05:35:46.215Z] [LOG] 链接: www.douyin.com/video/7505635828320718118
[2025-10-16T05:35:46.215Z] [ERROR] 处理视频时出错 (第131集  | 25.5.17号直播<<胄空形仙传>>(131) 第六十六集 天界系统诞生: 道廓--道理 天部--天轮 魂系--魂启 动--律 频--调): Connection closed.
[2025-10-16T05:35:46.215Z] [LOG] 
处理第 44/87 个视频:
[2025-10-16T05:35:46.215Z] [LOG] 标题: 第132集  | 25.5.20号直播（1）《胄空形仙传》（132）第六十七集  福幻与恨源，平渡鬓主拜师#风君子清风 #故事 #西游 #西游记 #胄空形仙传
[2025-10-16T05:35:46.215Z] [LOG] 链接: www.douyin.com/video/7506765492725157155
[2025-10-16T05:35:46.215Z] [ERROR] 处理视频时出错 (第132集  | 25.5.20号直播（1）《胄空形仙传》（132）第六十七集  福幻与恨源，平渡鬓主拜师#风君子清风 #故事 #西游 #西游记 #胄空形仙传): Connection closed.
[2025-10-16T05:35:46.215Z] [LOG] 
处理第 45/87 个视频:
[2025-10-16T05:35:46.215Z] [LOG] 标题: 第133集  | 25.5.20号直播（2）《胄空形仙传》（133）第六十七集  福幻与恨源 平渡鬓主拜师#风君子清风 #故事 #西游 #西游记 #胄空形仙传
[2025-10-16T05:35:46.215Z] [LOG] 链接: www.douyin.com/video/7506767396427042083
[2025-10-16T05:35:46.215Z] [ERROR] 处理视频时出错 (第133集  | 25.5.20号直播（2）《胄空形仙传》（133）第六十七集  福幻与恨源 平渡鬓主拜师#风君子清风 #故事 #西游 #西游记 #胄空形仙传): Connection closed.
[2025-10-16T05:35:46.215Z] [LOG] 
处理第 46/87 个视频:
[2025-10-16T05:35:46.215Z] [LOG] 标题: 第134集  | 25.5.21号直播（1）《胄空形仙传》（134）第六十八集#风君子清风 #故事与酒 #胄空形仙传 #西游记 #西游记续集
[2025-10-16T05:35:46.215Z] [LOG] 链接: www.douyin.com/video/7507139994201836834
[2025-10-16T05:35:46.215Z] [ERROR] 处理视频时出错 (第134集  | 25.5.21号直播（1）《胄空形仙传》（134）第六十八集#风君子清风 #故事与酒 #胄空形仙传 #西游记 #西游记续集): Connection closed.
[2025-10-16T05:35:46.215Z] [LOG] 
处理第 47/87 个视频:
[2025-10-16T05:35:46.215Z] [LOG] 标题: 第135集  | 25.5.21号直播（2）(重发版)《胄空形仙传》（135）第六十八集#风君子清风 #故事与酒 #胄空形仙传 #西游记 #西游记续集
[2025-10-16T05:35:46.215Z] [LOG] 链接: www.douyin.com/video/7530626723898068239
[2025-10-16T05:35:46.215Z] [ERROR] 处理视频时出错 (第135集  | 25.5.21号直播（2）(重发版)《胄空形仙传》（135）第六十八集#风君子清风 #故事与酒 #胄空形仙传 #西游记 #西游记续集): Connection closed.
[2025-10-16T05:35:46.215Z] [LOG] 
处理第 48/87 个视频:
[2025-10-16T05:35:46.215Z] [LOG] 标题: 第136集  | 25.5.22号直播（1）《胄空形仙传》（136）第六十九集“花道诞生”#风君子清风 #西游记 #西游记续集 #胄空形仙传 #故事与酒
[2025-10-16T05:35:46.215Z] [LOG] 链接: www.douyin.com/video/7507528558002621696
[2025-10-16T05:35:46.215Z] [ERROR] 处理视频时出错 (第136集  | 25.5.22号直播（1）《胄空形仙传》（136）第六十九集“花道诞生”#风君子清风 #西游记 #西游记续集 #胄空形仙传 #故事与酒): Connection closed.
[2025-10-16T05:35:46.215Z] [LOG] 
处理第 49/87 个视频:
[2025-10-16T05:35:46.215Z] [LOG] 标题: 第137集  | 25.5.22号直播（2）《胄空形仙传》（137）第六十九集“花道诞生”#风君子清风 #西游记 #西游记续集 #胄空形仙传 #故事与酒
[2025-10-16T05:35:46.215Z] [LOG] 链接: www.douyin.com/video/7507530131612192000
[2025-10-16T05:35:46.215Z] [ERROR] 处理视频时出错 (第137集  | 25.5.22号直播（2）《胄空形仙传》（137）第六十九集“花道诞生”#风君子清风 #西游记 #西游记续集 #胄空形仙传 #故事与酒): Connection closed.
[2025-10-16T05:35:46.215Z] [LOG] 
处理第 50/87 个视频:
[2025-10-16T05:35:46.215Z] [LOG] 标题: 第138集  | 25.5.23号直播（1）《胄空形仙传》（138）第七十集#风君子清风 #胄空形仙传 #西游记 #西游记续集 #故事分享
[2025-10-16T05:35:46.215Z] [LOG] 链接: www.douyin.com/video/7507887572631670050
[2025-10-16T05:35:46.215Z] [ERROR] 处理视频时出错 (第138集  | 25.5.23号直播（1）《胄空形仙传》（138）第七十集#风君子清风 #胄空形仙传 #西游记 #西游记续集 #故事分享): Connection closed.
[2025-10-16T05:35:46.215Z] [LOG] 
处理第 51/87 个视频:
[2025-10-16T05:35:46.215Z] [LOG] 标题: 第139集  | 25.5.23号直播（2）《胄空形仙传》（139）第七十集#风君子清风 #胄空形仙传 #西游记 #西游记续集 #故事分享
[2025-10-16T05:35:46.215Z] [LOG] 链接: www.douyin.com/video/7507890452957089058
[2025-10-16T05:35:46.215Z] [ERROR] 处理视频时出错 (第139集  | 25.5.23号直播（2）《胄空形仙传》（139）第七十集#风君子清风 #胄空形仙传 #西游记 #西游记续集 #故事分享): Connection closed.
[2025-10-16T05:35:46.215Z] [LOG] 
处理第 52/87 个视频:
[2025-10-16T05:35:46.215Z] [LOG] 标题: 第140集  | 25.5.24号直播 <<胄空形仙传>>(140)第七十一集 "花道"篇3#风君子清风 #胄空形仙传 #西游 #西游记 #故事
[2025-10-16T05:35:46.215Z] [LOG] 链接: www.douyin.com/video/7508256478856252698
[2025-10-16T05:35:46.215Z] [ERROR] 处理视频时出错 (第140集  | 25.5.24号直播 <<胄空形仙传>>(140)第七十一集 "花道"篇3#风君子清风 #胄空形仙传 #西游 #西游记 #故事): Connection closed.
[2025-10-16T05:35:46.215Z] [LOG] 
处理第 53/87 个视频:
[2025-10-16T05:35:46.215Z] [LOG] 标题: 第141集  | 25.5.27号直播 <<胄空形仙传>>第七十二集 花道篇(4)净神化道,冠脉诞生#风君子清风 #胄空形仙传 #故事 #西游记 #揭秘
[2025-10-16T05:35:46.215Z] [LOG] 链接: www.douyin.com/video/7509355923907923226
[2025-10-16T05:35:46.215Z] [ERROR] 处理视频时出错 (第141集  | 25.5.27号直播 <<胄空形仙传>>第七十二集 花道篇(4)净神化道,冠脉诞生#风君子清风 #胄空形仙传 #故事 #西游记 #揭秘): Connection closed.
[2025-10-16T05:35:46.215Z] [LOG] 
处理第 54/87 个视频:
[2025-10-16T05:35:46.215Z] [LOG] 标题: 第142集  | 25.5.28号直播（1）《胄空形仙传》（142）第七十三集花道篇（5）#风君子清风 #故事 #故事与酒 #胄空形仙传 #解密
[2025-10-16T05:35:46.215Z] [LOG] 链接: www.douyin.com/video/7509691305649720591
[2025-10-16T05:35:46.215Z] [ERROR] 处理视频时出错 (第142集  | 25.5.28号直播（1）《胄空形仙传》（142）第七十三集花道篇（5）#风君子清风 #故事 #故事与酒 #胄空形仙传 #解密): Connection closed.
[2025-10-16T05:35:46.215Z] [LOG] 
处理第 55/87 个视频:
[2025-10-16T05:35:46.215Z] [LOG] 标题: 第143集  | 25.5.28号直播（2）《胄空形仙传》（143）第七十三集 花道篇（5）#风君子清风 #故事 #故事与酒 #胄空形仙传 #解密
[2025-10-16T05:35:46.215Z] [LOG] 链接: www.douyin.com/video/7509692233030651151
[2025-10-16T05:35:46.215Z] [ERROR] 处理视频时出错 (第143集  | 25.5.28号直播（2）《胄空形仙传》（143）第七十三集 花道篇（5）#风君子清风 #故事 #故事与酒 #胄空形仙传 #解密): Connection closed.
[2025-10-16T05:35:46.215Z] [LOG] 
处理第 56/87 个视频:
[2025-10-16T05:35:46.215Z] [LOG] 标题: 第144集  | 25.5.29号直播（1）《胄空形仙传》（144）第七十三集“芽修传”（1）#风君子清风 #胄空形仙传 #西游记续集 #故事会 #修行
[2025-10-16T05:35:46.215Z] [LOG] 链接: www.douyin.com/video/7510064557072813312
[2025-10-16T05:35:46.215Z] [ERROR] 处理视频时出错 (第144集  | 25.5.29号直播（1）《胄空形仙传》（144）第七十三集“芽修传”（1）#风君子清风 #胄空形仙传 #西游记续集 #故事会 #修行): Connection closed.
[2025-10-16T05:35:46.215Z] [LOG] 
处理第 57/87 个视频:
[2025-10-16T05:35:46.215Z] [LOG] 标题: 第145集  | 25.5.29号直播（2）《胄空形仙传》（145）第七十三集花道篇（6） "运回" "素界"自此平渡世界告一段落#风君子清风 #胄空形仙传 #西游记续集 #故事会 #修行
[2025-10-16T05:35:46.215Z] [LOG] 链接: www.douyin.com/video/7510068374434254095
[2025-10-16T05:35:46.215Z] [ERROR] 处理视频时出错 (第145集  | 25.5.29号直播（2）《胄空形仙传》（145）第七十三集花道篇（6） "运回" "素界"自此平渡世界告一段落#风君子清风 #胄空形仙传 #西游记续集 #故事会 #修行): Connection closed.
[2025-10-16T05:35:46.215Z] [LOG] 
处理第 58/87 个视频:
[2025-10-16T05:35:46.215Z] [LOG] 标题: 第146集  | 25.5.30号直播 <<胄空形仙传>>(146)第七十四集 "芽修传"(1)先锋:你叫做"芽成"#风君子清风 #故事 #胄空形仙传 #修行 #揭秘
[2025-10-16T05:35:46.216Z] [LOG] 链接: www.douyin.com/video/7510450869587037480
[2025-10-16T05:35:46.216Z] [ERROR] 处理视频时出错 (第146集  | 25.5.30号直播 <<胄空形仙传>>(146)第七十四集 "芽修传"(1)先锋:你叫做"芽成"#风君子清风 #故事 #胄空形仙传 #修行 #揭秘): Connection closed.
[2025-10-16T05:35:46.216Z] [LOG] 
处理第 59/87 个视频:
[2025-10-16T05:35:46.216Z] [LOG] 标题: 第147集  | 25.6.3号直播<<胄空形仙传>>第七十五集 芽修传(2)#风君子清风 #胄空形仙传 #故事 #宇宙 #修行
[2025-10-16T05:35:46.216Z] [LOG] 链接: www.douyin.com/video/7511963619135884584
[2025-10-16T05:35:46.216Z] [ERROR] 处理视频时出错 (第147集  | 25.6.3号直播<<胄空形仙传>>第七十五集 芽修传(2)#风君子清风 #胄空形仙传 #故事 #宇宙 #修行): Connection closed.
[2025-10-16T05:35:46.216Z] [LOG] 
处理第 60/87 个视频:
[2025-10-16T05:35:46.216Z] [LOG] 标题: 第148集  | 25.6.4号直播 <<胄空形仙传>>(148) 第七十六集 "芽成大战红稀狼"#风君子清风 #胄空形仙传 #故事 #修行 #揭秘
[2025-10-16T05:35:46.216Z] [LOG] 链接: www.douyin.com/video/7512385501559557391
[2025-10-16T05:35:46.216Z] [ERROR] 处理视频时出错 (第148集  | 25.6.4号直播 <<胄空形仙传>>(148) 第七十六集 "芽成大战红稀狼"#风君子清风 #胄空形仙传 #故事 #修行 #揭秘): Connection closed.
[2025-10-16T05:35:46.216Z] [LOG] 
处理第 61/87 个视频:
[2025-10-16T05:35:46.216Z] [LOG] 标题: 第149集  | 25.6.5号直播 <<胄空形仙传>>(149)什么是"刻"什么是念能 魂能#风君子清风 #胄空形仙传 #故事 #修行
[2025-10-16T05:35:46.216Z] [LOG] 链接: www.douyin.com/video/7512772471393635599
[2025-10-16T05:35:46.216Z] [ERROR] 处理视频时出错 (第149集  | 25.6.5号直播 <<胄空形仙传>>(149)什么是"刻"什么是念能 魂能#风君子清风 #胄空形仙传 #故事 #修行): Connection closed.
[2025-10-16T05:35:46.216Z] [LOG] 
处理第 62/87 个视频:
[2025-10-16T05:35:46.216Z] [LOG] 标题: 第150集  | 25.6.6号直播<<胄空形仙传>>(150)第七十八集 芽修传(5)引渡:石光之媚,惑心之乱,本心之缺#风君子清风 #胄空形仙传 #故事 #道源 #修行
[2025-10-16T05:35:46.216Z] [LOG] 链接: www.douyin.com/video/7513173459883593012
[2025-10-16T05:35:46.216Z] [ERROR] 处理视频时出错 (第150集  | 25.6.6号直播<<胄空形仙传>>(150)第七十八集 芽修传(5)引渡:石光之媚,惑心之乱,本心之缺#风君子清风 #胄空形仙传 #故事 #道源 #修行): Connection closed.
[2025-10-16T05:35:46.216Z] [LOG] 
处理第 63/87 个视频:
[2025-10-16T05:35:46.216Z] [LOG] 标题: 第151集  | 25.6.10号直播<<胄空形仙传>>(151)第七十九集#风君子清风 #胄空形仙传 #故事 #宇宙 #道源
[2025-10-16T05:35:46.216Z] [LOG] 链接: www.douyin.com/video/7514372122811174178
[2025-10-16T05:35:46.216Z] [ERROR] 处理视频时出错 (第151集  | 25.6.10号直播<<胄空形仙传>>(151)第七十九集#风君子清风 #胄空形仙传 #故事 #宇宙 #道源): Connection closed.
[2025-10-16T05:35:46.216Z] [LOG] 
处理第 64/87 个视频:
[2025-10-16T05:35:46.216Z] [LOG] 标题: 第152集  | 25.6.11号直播<<胄空形仙传>>(152)"芽修传" 新月之一族诞生#风君子清风 #胄空形仙传 #道源 #故事 #揭秘
[2025-10-16T05:35:46.216Z] [LOG] 链接: www.douyin.com/video/7514926656134401330
[2025-10-16T05:35:46.216Z] [ERROR] 处理视频时出错 (第152集  | 25.6.11号直播<<胄空形仙传>>(152)"芽修传" 新月之一族诞生#风君子清风 #胄空形仙传 #道源 #故事 #揭秘): Connection closed.
[2025-10-16T05:35:46.216Z] [LOG] 
处理第 65/87 个视频:
[2025-10-16T05:35:46.216Z] [LOG] 标题: 第153集  | 25.6.12号直播<<胄空形仙传>>(153)第八十一集 "芽修传"九麗麟主篇#风君子清风 #胄空形仙传 #故事 #道源 #揭秘
[2025-10-16T05:35:46.216Z] [LOG] 链接: www.douyin.com/video/7515485346872741147
[2025-10-16T05:35:46.216Z] [ERROR] 处理视频时出错 (第153集  | 25.6.12号直播<<胄空形仙传>>(153)第八十一集 "芽修传"九麗麟主篇#风君子清风 #胄空形仙传 #故事 #道源 #揭秘): Connection closed.
[2025-10-16T05:35:46.216Z] [LOG] 
处理第 66/87 个视频:
[2025-10-16T05:35:46.216Z] [LOG] 标题: 第154集  | 25.6.13号直播<<胄空形仙传>>(154)第八十二集 "芽修传"(9)"芽成长大"篇#风君子清风 #胄空形仙传 #道源 #故事 #修行
[2025-10-16T05:35:46.216Z] [LOG] 链接: www.douyin.com/video/7515659980880612646
[2025-10-16T05:35:46.216Z] [ERROR] 处理视频时出错 (第154集  | 25.6.13号直播<<胄空形仙传>>(154)第八十二集 "芽修传"(9)"芽成长大"篇#风君子清风 #胄空形仙传 #道源 #故事 #修行): Connection closed.
[2025-10-16T05:35:46.216Z] [LOG] 
处理第 67/87 个视频:
[2025-10-16T05:35:46.216Z] [LOG] 标题: 第155集  | 25.6.14号直播<<胄空形仙传>>(155)"芽修传" 宙荒之老,黑异之子#风君子清风 #胄空形仙传 #故事与酒 #宇宙 #修行修心
[2025-10-16T05:35:46.216Z] [LOG] 链接: www.douyin.com/video/7516034884150775091
[2025-10-16T05:35:46.216Z] [ERROR] 处理视频时出错 (第155集  | 25.6.14号直播<<胄空形仙传>>(155)"芽修传" 宙荒之老,黑异之子#风君子清风 #胄空形仙传 #故事与酒 #宇宙 #修行修心): Connection closed.
[2025-10-16T05:35:46.216Z] [LOG] 
处理第 68/87 个视频:
[2025-10-16T05:35:46.216Z] [LOG] 标题: 第156集  | 25.6.20号直播 <<胄空形仙传>>(156) "芽修传"(11)"异魔展示异想之美"#风君子清风 #胄空形仙传 #故事 #修行 #揭秘
[2025-10-16T05:35:46.216Z] [LOG] 链接: www.douyin.com/video/7518283356560198938
[2025-10-16T05:35:46.216Z] [ERROR] 处理视频时出错 (第156集  | 25.6.20号直播 <<胄空形仙传>>(156) "芽修传"(11)"异魔展示异想之美"#风君子清风 #胄空形仙传 #故事 #修行 #揭秘): Connection closed.
[2025-10-16T05:35:46.216Z] [LOG] 
处理第 69/87 个视频:
[2025-10-16T05:35:46.216Z] [LOG] 标题: 第157集  | 25.6.21号直播<<宙空形仙传>>(157) "芽修传"(12) "魔"么哒是什么#凤君子 #道源 #神魔大战 #魔 #修行
[2025-10-16T05:35:46.216Z] [LOG] 链接: www.douyin.com/video/7518649584382397723
[2025-10-16T05:35:46.216Z] [ERROR] 处理视频时出错 (第157集  | 25.6.21号直播<<宙空形仙传>>(157) "芽修传"(12) "魔"么哒是什么#凤君子 #道源 #神魔大战 #魔 #修行): Connection closed.
[2025-10-16T05:35:46.216Z] [LOG] 
处理第 70/87 个视频:
[2025-10-16T05:35:46.216Z] [LOG] 标题: 第158集  | 6.24号直播<<胄空形仙传>>(158)"芽修传"(12)芽成大战鬓主,平渡释神#风君子清风 #胄空形仙传 #修行 #故事与酒 #宇宙的有趣我才不在意
[2025-10-16T05:35:46.216Z] [LOG] 链接: www.douyin.com/video/7519566708709821759
[2025-10-16T05:35:46.216Z] [ERROR] 处理视频时出错 (第158集  | 6.24号直播<<胄空形仙传>>(158)"芽修传"(12)芽成大战鬓主,平渡释神#风君子清风 #胄空形仙传 #修行 #故事与酒 #宇宙的有趣我才不在意): Connection closed.
[2025-10-16T05:35:46.216Z] [LOG] 
处理第 71/87 个视频:
[2025-10-16T05:35:46.216Z] [LOG] 标题: 第159集  | 25.6.25号直播<<胄空形仙传>>(159)"芽修传"(13)芽成战五主之魂须#风君子清风 #胄空形仙传 #修行 #故事 #宇宙
[2025-10-16T05:35:46.216Z] [LOG] 链接: www.douyin.com/video/7520142016466963748
[2025-10-16T05:35:46.216Z] [ERROR] 处理视频时出错 (第159集  | 25.6.25号直播<<胄空形仙传>>(159)"芽修传"(13)芽成战五主之魂须#风君子清风 #胄空形仙传 #修行 #故事 #宇宙): Connection closed.
[2025-10-16T05:35:46.216Z] [LOG] 
处理第 72/87 个视频:
[2025-10-16T05:35:46.216Z] [LOG] 标题: 第160集  | 25.6.26号直播<<胄空形仙传>>(160)"芽修传"(14) 芽成战三能#风君子清风 #胄空形仙传 #故事 #修行修心 #宇宙的有趣我才不在意
[2025-10-16T05:35:46.216Z] [LOG] 链接: www.douyin.com/video/7520308353386450215
[2025-10-16T05:35:46.216Z] [ERROR] 处理视频时出错 (第160集  | 25.6.26号直播<<胄空形仙传>>(160)"芽修传"(14) 芽成战三能#风君子清风 #胄空形仙传 #故事 #修行修心 #宇宙的有趣我才不在意): Connection closed.
[2025-10-16T05:35:46.216Z] [LOG] 
处理第 73/87 个视频:
[2025-10-16T05:35:46.216Z] [LOG] 标题: 第161集  | 25.6.27号直播<<胄空形仙传>>(161) "芽修传"(15) 芽成战五主之怒篪,目青牙,魂须#风君子清风 #胄空形仙传 #故事 #修行 #修行之路
[2025-10-16T05:35:46.216Z] [LOG] 链接: www.douyin.com/video/7520861982174498089
[2025-10-16T05:35:46.216Z] [ERROR] 处理视频时出错 (第161集  | 25.6.27号直播<<胄空形仙传>>(161) "芽修传"(15) 芽成战五主之怒篪,目青牙,魂须#风君子清风 #胄空形仙传 #故事 #修行 #修行之路): Connection closed.
[2025-10-16T05:35:46.216Z] [LOG] 
处理第 74/87 个视频:
[2025-10-16T05:35:46.216Z] [LOG] 标题: 第162集  | 25.6.28号直播(1)<<胄空形仙传>>"芽修传"(16)芽成战胄空#风君子清风 #胄空形仙传 #故事 #宇宙 #揭秘
[2025-10-16T05:35:46.216Z] [LOG] 链接: www.douyin.com/video/7521240122856082727
[2025-10-16T05:35:46.216Z] [ERROR] 处理视频时出错 (第162集  | 25.6.28号直播(1)<<胄空形仙传>>"芽修传"(16)芽成战胄空#风君子清风 #胄空形仙传 #故事 #宇宙 #揭秘): Connection closed.
[2025-10-16T05:35:46.216Z] [LOG] 
处理第 75/87 个视频:
[2025-10-16T05:35:46.216Z] [LOG] 标题: 第163集  | 25.7.1号直播<<胄空形仙传>>(163) 水门一战(1)#风君子清风 #胄空形仙传 #故事 #宇宙 #修行
[2025-10-16T05:35:46.216Z] [LOG] 链接: www.douyin.com/video/7522331325894872363
[2025-10-16T05:35:46.216Z] [ERROR] 处理视频时出错 (第163集  | 25.7.1号直播<<胄空形仙传>>(163) 水门一战(1)#风君子清风 #胄空形仙传 #故事 #宇宙 #修行): Connection closed.
[2025-10-16T05:35:46.216Z] [LOG] 
处理第 76/87 个视频:
[2025-10-16T05:35:46.216Z] [LOG] 标题: 第164集  | 25.7.2号直播<<胄空形仙传>>(164)水门一战(2)#风君子清风 #胄空形仙传 #故事与酒 #宇宙的有趣我才不在意 #修行修心
[2025-10-16T05:35:46.216Z] [LOG] 链接: www.douyin.com/video/7522534344259308819
[2025-10-16T05:35:46.216Z] [ERROR] 处理视频时出错 (第164集  | 25.7.2号直播<<胄空形仙传>>(164)水门一战(2)#风君子清风 #胄空形仙传 #故事与酒 #宇宙的有趣我才不在意 #修行修心): Connection closed.
[2025-10-16T05:35:46.216Z] [LOG] 
处理第 77/87 个视频:
[2025-10-16T05:35:46.216Z] [LOG] 标题: 第165集  | 25.7.2号直播 修行散聊"胄空形仙传"名称的由来
[2025-10-16T05:35:46.216Z] [LOG] 链接: www.douyin.com/video/7522542536968228150
[2025-10-16T05:35:46.216Z] [ERROR] 处理视频时出错 (第165集  | 25.7.2号直播 修行散聊"胄空形仙传"名称的由来): Connection closed.
[2025-10-16T05:35:46.216Z] [LOG] 
处理第 78/87 个视频:
[2025-10-16T05:35:46.216Z] [LOG] 标题: 第166集  | 25.7.3号直播(1)<<胄空形仙传>>(165)"水门一战"(3) “水门开，万物落，月起，日升，雷击，光补，灵降，芽生，万物成”芽修传(19) "胄空形仙传"上部完...#风君子清风 #胄空形仙传 #修行 #地球诞生 #揭秘
[2025-10-16T05:35:46.216Z] [LOG] 链接: www.douyin.com/video/7523104210292985131
[2025-10-16T05:35:46.216Z] [ERROR] 处理视频时出错 (第166集  | 25.7.3号直播(1)<<胄空形仙传>>(165)"水门一战"(3) “水门开，万物落，月起，日升，雷击，光补，灵降，芽生，万物成”芽修传(19) "胄空形仙传"上部完...#风君子清风 #胄空形仙传 #修行 #地球诞生 #揭秘): Connection closed.
[2025-10-16T05:35:46.216Z] [LOG] 
处理第 79/87 个视频:
[2025-10-16T05:35:46.216Z] [LOG] 标题: 第167集  | 25.7.3号直播(2)<<胄空形仙传>>播后散聊,"胄空形仙传"上部完..但新的故事...等待我们探索...#风君子清风 #胄空形仙传 #修行修心 #修心 #揭秘
[2025-10-16T05:35:46.216Z] [LOG] 链接: www.douyin.com/video/7523095266426260778
[2025-10-16T05:35:46.216Z] [ERROR] 处理视频时出错 (第167集  | 25.7.3号直播(2)<<胄空形仙传>>播后散聊,"胄空形仙传"上部完..但新的故事...等待我们探索...#风君子清风 #胄空形仙传 #修行修心 #修心 #揭秘): Connection closed.
[2025-10-16T05:35:46.216Z] [LOG] 
处理第 80/87 个视频:
[2025-10-16T05:35:46.216Z] [LOG] 标题: 第168集  | 25.7.4号直播 <<胄空形仙传>>番外篇(一)#风君子清风 #修行 #揭秘 #宇宙 #胄空形仙传
[2025-10-16T05:35:46.216Z] [LOG] 链接: www.douyin.com/video/7523483265995476265
[2025-10-16T05:35:46.216Z] [ERROR] 处理视频时出错 (第168集  | 25.7.4号直播 <<胄空形仙传>>番外篇(一)#风君子清风 #修行 #揭秘 #宇宙 #胄空形仙传): Connection closed.
[2025-10-16T05:35:46.217Z] [LOG] 
处理第 81/87 个视频:
[2025-10-16T05:35:46.217Z] [LOG] 标题: 第169集  | 25.7.5号直播<<胄空形仙传>>番外篇(二) "梦修星坠地"#风君子清风 #胄空形仙传 #修行 #揭秘 #故事与酒
[2025-10-16T05:35:46.217Z] [LOG] 链接: www.douyin.com/video/7523857796631137572
[2025-10-16T05:35:46.217Z] [ERROR] 处理视频时出错 (第169集  | 25.7.5号直播<<胄空形仙传>>番外篇(二) "梦修星坠地"#风君子清风 #胄空形仙传 #修行 #揭秘 #故事与酒): Connection closed.
[2025-10-16T05:35:46.217Z] [LOG] 
处理第 82/87 个视频:
[2025-10-16T05:35:46.217Z] [LOG] 标题: 第170集  | 25.7.8号直播<<胄空形仙传>>第九十八集 "番外篇"(三) "胄空之阵""胄风初现"#风君子清风 #胄空形仙传 #修行 #宇宙
[2025-10-16T05:35:46.217Z] [LOG] 链接: www.douyin.com/video/7525038756118760740
[2025-10-16T05:35:46.217Z] [ERROR] 处理视频时出错 (第170集  | 25.7.8号直播<<胄空形仙传>>第九十八集 "番外篇"(三) "胄空之阵""胄风初现"#风君子清风 #胄空形仙传 #修行 #宇宙): Connection closed.
[2025-10-16T05:35:46.217Z] [LOG] 
处理第 83/87 个视频:
[2025-10-16T05:35:46.217Z] [LOG] 标题: 第171集  | 25.7.9号直播<<胄空形仙传>>"番外篇" (4) "神兵玄机 势廊之道 "知识延申:大祭司之战#风君子清风 #胄空形仙传 #大祭司 #神话 #远古
[2025-10-16T05:35:46.217Z] [LOG] 链接: www.douyin.com/video/7525129908947848511
[2025-10-16T05:35:46.217Z] [ERROR] 处理视频时出错 (第171集  | 25.7.9号直播<<胄空形仙传>>"番外篇" (4) "神兵玄机 势廊之道 "知识延申:大祭司之战#风君子清风 #胄空形仙传 #大祭司 #神话 #远古): Connection closed.
[2025-10-16T05:35:46.217Z] [LOG] 
处理第 84/87 个视频:
[2025-10-16T05:35:46.217Z] [LOG] 标题: 第172集  | 25.7.10号直播<<胄空形仙传>>#风君子清风 #胄空形仙传 #故事 #揭秘
[2025-10-16T05:35:46.217Z] [LOG] 链接: www.douyin.com/video/7525736208723430699
[2025-10-16T05:35:46.217Z] [ERROR] 处理视频时出错 (第172集  | 25.7.10号直播<<胄空形仙传>>#风君子清风 #胄空形仙传 #故事 #揭秘): Connection closed.
[2025-10-16T05:35:46.217Z] [LOG] 
处理第 85/87 个视频:
[2025-10-16T05:35:46.217Z] [LOG] 标题: 第173集  | 25.7.11号直播<<胄空形仙传>>"番外篇" (6)#风君子清风 #胄空形仙传 #修行 #揭秘 #故事
[2025-10-16T05:35:46.217Z] [LOG] 链接: www.douyin.com/video/7529933039338589492
[2025-10-16T05:35:46.217Z] [ERROR] 处理视频时出错 (第173集  | 25.7.11号直播<<胄空形仙传>>"番外篇" (6)#风君子清风 #胄空形仙传 #修行 #揭秘 #故事): Connection closed.
[2025-10-16T05:35:46.217Z] [LOG] 
处理第 86/87 个视频:
[2025-10-16T05:35:46.217Z] [LOG] 标题: 第174集  | 25.7.12号直播（1）《胄空形仙传》“番外篇”（7）#风君子清风 #揭秘揭秘揭秘 #故事 #修行 #胄空形仙传
[2025-10-16T05:35:46.217Z] [LOG] 链接: www.douyin.com/video/7526830350372457762
[2025-10-16T05:35:46.217Z] [ERROR] 处理视频时出错 (第174集  | 25.7.12号直播（1）《胄空形仙传》“番外篇”（7）#风君子清风 #揭秘揭秘揭秘 #故事 #修行 #胄空形仙传): Connection closed.
[2025-10-16T05:35:46.217Z] [LOG] 
处理第 87/87 个视频:
[2025-10-16T05:35:46.217Z] [LOG] 标题: 第175集  | 25.7.12号直播（2）《胄空形仙传》“番外篇”（7）#风君子清风 #揭秘揭秘揭秘 #故事 #修行 #胄空形仙传
[2025-10-16T05:35:46.217Z] [LOG] 链接: www.douyin.com/video/7526836411376798991
[2025-10-16T05:35:46.217Z] [ERROR] 处理视频时出错 (第175集  | 25.7.12号直播（2）《胄空形仙传》“番外篇”（7）#风君子清风 #揭秘揭秘揭秘 #故事 #修行 #胄空形仙传): Connection closed.
[2025-10-16T05:35:46.217Z] [LOG] 
所有视频处理完成！
